Using pre-set license
Built from '2021.2/staging' branch; Version is '2021.2.7f1 (6bd9e232123f) revision 7068130'; Using compiler version '192829333'; Build Type 'Release'
OS: 'Windows 11  (10.0.22621) 64bit Professional' Language: 'en' Physical Memory: 32509 MB
BatchMode: 1, IsHumanControllingUs: 0, StartBugReporterOnCrash: 0, Is64bit: 1, IsPro: 0

COMMAND LINE ARGUMENTS:
C:\Program Files\Unity 2021.2.7f1\Editor\Unity.exe
-adb2
-batchMode
-noUpm
-name
AssetImportWorker1
-projectPath
C:/Users/Kumail/Documents/GitHub/Samurai-Bean
-logFile
Logs/AssetImportWorker1.log
-srvPort
64153
Successfully changed project path to: C:/Users/Kumail/Documents/GitHub/Samurai-Bean
C:/Users/Kumail/Documents/GitHub/Samurai-Bean
[UnityMemory] Configuration Parameters - Can be set up in boot.config
    "memorysetup-bucket-allocator-granularity=16"
    "memorysetup-bucket-allocator-bucket-count=8"
    "memorysetup-bucket-allocator-block-size=33554432"
    "memorysetup-bucket-allocator-block-count=8"
    "memorysetup-main-allocator-block-size=16777216"
    "memorysetup-thread-allocator-block-size=16777216"
    "memorysetup-gfx-main-allocator-block-size=16777216"
    "memorysetup-gfx-thread-allocator-block-size=16777216"
    "memorysetup-cache-allocator-block-size=4194304"
    "memorysetup-typetree-allocator-block-size=2097152"
    "memorysetup-profiler-bucket-allocator-granularity=16"
    "memorysetup-profiler-bucket-allocator-bucket-count=8"
    "memorysetup-profiler-bucket-allocator-block-size=33554432"
    "memorysetup-profiler-bucket-allocator-block-count=8"
    "memorysetup-profiler-allocator-block-size=16777216"
    "memorysetup-profiler-editor-allocator-block-size=1048576"
    "memorysetup-temp-allocator-size-main=16777216"
    "memorysetup-job-temp-allocator-block-size=2097152"
    "memorysetup-job-temp-allocator-block-size-background=1048576"
    "memorysetup-job-temp-allocator-reduction-small-platforms=262144"
    "memorysetup-temp-allocator-size-background-worker=32768"
    "memorysetup-temp-allocator-size-job-worker=262144"
    "memorysetup-temp-allocator-size-preload-manager=33554432"
    "memorysetup-temp-allocator-size-nav-mesh-worker=65536"
    "memorysetup-temp-allocator-size-audio-worker=65536"
    "memorysetup-temp-allocator-size-cloud-worker=32768"
    "memorysetup-temp-allocator-size-gi-baking-worker=262144"
    "memorysetup-temp-allocator-size-gfx=262144"
Refreshing native plugins compatible for Editor in 249.16 ms, found 4 plugins.
Preloading 0 native plugins for Editor in 0.00 ms.
Initialize engine version: 2021.2.7f1 (6bd9e232123f)
[Subsystems] Discovering subsystems at path C:/Program Files/Unity 2021.2.7f1/Editor/Data/Resources/UnitySubsystems
[Subsystems] Discovering subsystems at path C:/Users/Kumail/Documents/GitHub/Samurai-Bean/Assets
GfxDevice: creating device client; threaded=0; jobified=0
Direct3D:
    Version:  Direct3D 11.0 [level 11.1]
    Renderer: NVIDIA GeForce GTX 1070 (ID=0x1b81)
    Vendor:   NVIDIA
    VRAM:     8088 MB
    Driver:   31.0.15.1694
Initialize mono
Mono path[0] = 'C:/Program Files/Unity 2021.2.7f1/Editor/Data/Managed'
Mono path[1] = 'C:/Program Files/Unity 2021.2.7f1/Editor/Data/MonoBleedingEdge/lib/mono/unityjit-win32'
Mono config path = 'C:/Program Files/Unity 2021.2.7f1/Editor/Data/MonoBleedingEdge/etc'
Using monoOptions --debugger-agent=transport=dt_socket,embedding=1,server=y,suspend=n,address=127.0.0.1:56608
Begin MonoManager ReloadAssembly
Registering precompiled unity dll's ...
Register platform support module: C:/Program Files/Unity 2021.2.7f1/Editor/Data/PlaybackEngines/WindowsStandaloneSupport/UnityEditor.WindowsStandalone.Extensions.dll
Registered in 0.082503 seconds.
Native extension for WindowsStandalone target not found
Refreshing native plugins compatible for Editor in 50.02 ms, found 4 plugins.
Preloading 0 native plugins for Editor in 0.00 ms.
Mono: successfully reloaded assembly
- Completed reload, in  4.085 seconds
Domain Reload Profiling:
	ReloadAssembly (4086ms)
		BeginReloadAssembly (3121ms)
			ExecutionOrderSort (0ms)
			DisableScriptedObjects (0ms)
			BackupInstance (0ms)
			ReleaseScriptingObjects (0ms)
			CreateAndSetChildDomain (1ms)
		EndReloadAssembly (663ms)
			LoadAssemblies (3119ms)
			RebuildTransferFunctionScriptingTraits (0ms)
			SetupTypeCache (426ms)
			ReleaseScriptCaches (0ms)
			RebuildScriptCaches (15ms)
			SetupLoadedEditorAssemblies (187ms)
				LogAssemblyErrors (0ms)
				InitializePlatformSupportModulesInManaged (10ms)
				SetLoadedEditorAssemblies (0ms)
				RefreshPlugins (50ms)
				BeforeProcessingInitializeOnLoad (1ms)
				ProcessInitializeOnLoadAttributes (95ms)
				ProcessInitializeOnLoadMethodAttributes (30ms)
				AfterProcessingInitializeOnLoad (0ms)
				EditorAssembliesLoaded (0ms)
			ExecutionOrderSort2 (0ms)
			AwakeInstancesAfterBackupRestoration (0ms)
Platform modules already initialized, skipping
Registering precompiled user dll's ...
Registered in 0.004812 seconds.
Begin MonoManager ReloadAssembly
Symbol file LoadedFromMemory doesn't match image C:\Users\Kumail\Documents\GitHub\Samurai-Bean\Library\PackageCache\com.unity.visualscripting@1.7.6\Editor\VisualScripting.Core\Dependencies\YamlDotNet\Unity.VisualScripting.YamlDotNet.dll
Symbol file LoadedFromMemory doesn't match image C:\Users\Kumail\Documents\GitHub\Samurai-Bean\Library\PackageCache\com.unity.visualscripting@1.7.6\Editor\VisualScripting.Core\Dependencies\DotNetZip\Unity.VisualScripting.IonicZip.dll
Native extension for WindowsStandalone target not found
Refreshing native plugins compatible for Editor in 50.20 ms, found 4 plugins.
Preloading 0 native plugins for Editor in 0.00 ms.
Mono: successfully reloaded assembly
- Completed reload, in  5.767 seconds
Domain Reload Profiling:
	ReloadAssembly (5767ms)
		BeginReloadAssembly (64ms)
			ExecutionOrderSort (0ms)
			DisableScriptedObjects (3ms)
			BackupInstance (0ms)
			ReleaseScriptingObjects (0ms)
			CreateAndSetChildDomain (11ms)
		EndReloadAssembly (5581ms)
			LoadAssemblies (3248ms)
			RebuildTransferFunctionScriptingTraits (0ms)
			SetupTypeCache (639ms)
			ReleaseScriptCaches (0ms)
			RebuildScriptCaches (34ms)
			SetupLoadedEditorAssemblies (1625ms)
				LogAssemblyErrors (0ms)
				InitializePlatformSupportModulesInManaged (7ms)
				SetLoadedEditorAssemblies (0ms)
				RefreshPlugins (50ms)
				BeforeProcessingInitializeOnLoad (52ms)
				ProcessInitializeOnLoadAttributes (679ms)
				ProcessInitializeOnLoadMethodAttributes (833ms)
				AfterProcessingInitializeOnLoad (3ms)
				EditorAssembliesLoaded (0ms)
			ExecutionOrderSort2 (0ms)
			AwakeInstancesAfterBackupRestoration (4ms)
Platform modules already initialized, skipping
========================================================================
Worker process is ready to serve import requests
Launched and connected shader compiler UnityShaderCompiler.exe after 0.07 seconds
Refreshing native plugins compatible for Editor in 0.47 ms, found 4 plugins.
Preloading 0 native plugins for Editor in 0.00 ms.
Unloading 3899 Unused Serialized files (Serialized files now loaded: 0)
Unloading 43 unused Assets / (225.4 KB). Loaded Objects now: 4348.
Memory consumption went from 146.7 MB to 146.5 MB.
Total: 2.708100 ms (FindLiveObjects: 0.174400 ms CreateObjectMapping: 0.083600 ms MarkObjects: 2.360700 ms  DeleteObjects: 0.088300 ms)

AssetImportParameters requested are different than current active one (requested -> active):
  custom:video-decoder-ogg-theora: a1e56fd34408186e4bbccfd4996cb3dc -> 
  custom:container-muxer-webm: aa71ff27fc2769a1b78a27578f13a17b -> 
  custom:container-demuxer-webm: 4f35f7cbe854078d1ac9338744f61a02 -> 
  custom:video-encoder-webm-vp8: eb34c28f22e8b96e1ab97ce403110664 -> 
  custom:audio-encoder-webm-vorbis: bf7c407c2cedff20999df2af8eb42d56 -> 
  custom:framework-win-MediaFoundation: 216162199b28c13a410421893ffa2e32 -> 
  custom:container-demuxer-ogg: 62fdf1f143b41e24485cea50d1cbac27 -> 
  custom:video-decoder-webm-vp8: 9c59270c3fd7afecdb556c50c9e8de78 -> 
  custom:audio-decoder-ogg-vorbis: bf7c407c2cedff20999df2af8eb42d56 -> 
========================================================================
Received Import Request.
  Time since last request: 544822.725299 seconds.
  path: Assets/Prefaps
  artifactKey: Guid(a8a5948b39af4ce41a513ac6a8e85da1) Importer(815301076,1909f56bfc062723c751e8b465ee728b)
Start importing Assets/Prefaps using Guid(a8a5948b39af4ce41a513ac6a8e85da1) Importer(815301076,1909f56bfc062723c751e8b465ee728b)  -> (artifact id: '05d2813a837c49db5122b432827177ae') in 0.008013 seconds 
========================================================================
Received Import Request.
  Time since last request: 1876.273811 seconds.
  path: Assets/Warped City Assets/Artwork/ENVIRONMENT/props/banner-arrow.png
  artifactKey: Guid(f87454e6f046e4340b8ae4c03ebfa016) Importer(815301076,1909f56bfc062723c751e8b465ee728b)
Start importing Assets/Warped City Assets/Artwork/ENVIRONMENT/props/banner-arrow.png using Guid(f87454e6f046e4340b8ae4c03ebfa016) Importer(815301076,1909f56bfc062723c751e8b465ee728b)  -> (artifact id: '97c58eaf0b7c38002bf66858b52d63cf') in 0.075315 seconds 
========================================================================
Received Import Request.
  Time since last request: 0.000022 seconds.
  path: Assets/Warped City Assets/Artwork/ENVIRONMENT/props/control-box-3.png
  artifactKey: Guid(86504eb5fad8043ec87c8b72b000ca2c) Importer(815301076,1909f56bfc062723c751e8b465ee728b)
Start importing Assets/Warped City Assets/Artwork/ENVIRONMENT/props/control-box-3.png using Guid(86504eb5fad8043ec87c8b72b000ca2c) Importer(815301076,1909f56bfc062723c751e8b465ee728b)  -> (artifact id: 'b67b28e4a3312a043dd20e9521ba3a01') in 0.011615 seconds 
========================================================================
Received Import Request.
  Time since last request: 0.000024 seconds.
  path: Assets/Warped City Assets/Artwork/ENVIRONMENT/props/banner-open.png
  artifactKey: Guid(a9a2edcef3323439bbd444f77e2c66a6) Importer(815301076,1909f56bfc062723c751e8b465ee728b)
Start importing Assets/Warped City Assets/Artwork/ENVIRONMENT/props/banner-open.png using Guid(a9a2edcef3323439bbd444f77e2c66a6) Importer(815301076,1909f56bfc062723c751e8b465ee728b)  -> (artifact id: 'a1401ea173ab5204b018fded381bea93') in 0.008808 seconds 
========================================================================
Received Import Request.
  Time since last request: 1.292952 seconds.
  path: Assets/Warped City Assets/Artwork/ENVIRONMENT/props/banner-big/banner-big-2.png
  artifactKey: Guid(55e98b85e57fe472fa74b40d9b61538b) Importer(815301076,1909f56bfc062723c751e8b465ee728b)
Start importing Assets/Warped City Assets/Artwork/ENVIRONMENT/props/banner-big/banner-big-2.png using Guid(55e98b85e57fe472fa74b40d9b61538b) Importer(815301076,1909f56bfc062723c751e8b465ee728b)  -> (artifact id: 'ea5aeb892d438846b2e8f5070d56c868') in 0.013128 seconds 
========================================================================
Received Import Request.
  Time since last request: 0.000020 seconds.
  path: Assets/Warped City Assets/Artwork/ENVIRONMENT/props/banner-big/banner-big-3.png
  artifactKey: Guid(0a6ca078b274e43859b20657ebda9a05) Importer(815301076,1909f56bfc062723c751e8b465ee728b)
Start importing Assets/Warped City Assets/Artwork/ENVIRONMENT/props/banner-big/banner-big-3.png using Guid(0a6ca078b274e43859b20657ebda9a05) Importer(815301076,1909f56bfc062723c751e8b465ee728b)  -> (artifact id: 'd58d3f4e07166d9b5bf4a49eecfa426c') in 0.024039 seconds 
========================================================================
Received Import Request.
  Time since last request: 1.614461 seconds.
  path: Assets/Warped City Assets/Artwork/ENVIRONMENT/background/skyline-b.png
  artifactKey: Guid(224884cef4f9549dc8e494a2c3f6ee87) Importer(815301076,1909f56bfc062723c751e8b465ee728b)
Start importing Assets/Warped City Assets/Artwork/ENVIRONMENT/background/skyline-b.png using Guid(224884cef4f9549dc8e494a2c3f6ee87) Importer(815301076,1909f56bfc062723c751e8b465ee728b)  -> (artifact id: 'd232effcefad1a43971dae676e26af63') in 0.013883 seconds 
========================================================================
Received Import Request.
  Time since last request: 31.974196 seconds.
  path: Assets/Warped City Assets/Artwork/SPRITES/player/back-jump/back-jump-4.png
  artifactKey: Guid(6cc3fb510e8ba4969aae8867dd99e326) Importer(815301076,1909f56bfc062723c751e8b465ee728b)
Start importing Assets/Warped City Assets/Artwork/SPRITES/player/back-jump/back-jump-4.png using Guid(6cc3fb510e8ba4969aae8867dd99e326) Importer(815301076,1909f56bfc062723c751e8b465ee728b)  -> (artifact id: '7db9767679f6ef85177e96df2612e289') in 0.020656 seconds 
========================================================================
Received Import Request.
  Time since last request: 3.329403 seconds.
  path: Assets/Warped City Assets/Artwork/SPRITES/misc/drone/drone-4.png
  artifactKey: Guid(f579fd21158db4b9caa8430de17d94e2) Importer(815301076,1909f56bfc062723c751e8b465ee728b)
Start importing Assets/Warped City Assets/Artwork/SPRITES/misc/drone/drone-4.png using Guid(f579fd21158db4b9caa8430de17d94e2) Importer(815301076,1909f56bfc062723c751e8b465ee728b)  -> (artifact id: '205e9c165a1a65d1da3d2ea28f9a17be') in 0.015015 seconds 
========================================================================
Received Import Request.
  Time since last request: 4.975454 seconds.
  path: Assets/Warped City Assets/Artwork/SPRITES/misc/turret/turret-4.png
  artifactKey: Guid(8cf2a4671b41242b68079af4326777e8) Importer(815301076,1909f56bfc062723c751e8b465ee728b)
Start importing Assets/Warped City Assets/Artwork/SPRITES/misc/turret/turret-4.png using Guid(8cf2a4671b41242b68079af4326777e8) Importer(815301076,1909f56bfc062723c751e8b465ee728b)  -> (artifact id: '054e8307cc97ea695409d544599f80f3') in 0.013293 seconds 
========================================================================
Received Import Request.
  Time since last request: 0.000023 seconds.
  path: Assets/Warped City Assets/Artwork/SPRITES/misc/turret/turret-6.png
  artifactKey: Guid(7d2f186d51f4b488d813112ca0e3ccb1) Importer(815301076,1909f56bfc062723c751e8b465ee728b)
Start importing Assets/Warped City Assets/Artwork/SPRITES/misc/turret/turret-6.png using Guid(7d2f186d51f4b488d813112ca0e3ccb1) Importer(815301076,1909f56bfc062723c751e8b465ee728b)  -> (artifact id: 'e6b9ebbdac5297356cad0ab83d259b61') in 0.009766 seconds 
========================================================================
Received Import Request.
  Time since last request: 999.255632 seconds.
  path: Assets/Scenes
  artifactKey: Guid(131a6b21c8605f84396be9f6751fb6e3) Importer(815301076,1909f56bfc062723c751e8b465ee728b)
Start importing Assets/Scenes using Guid(131a6b21c8605f84396be9f6751fb6e3) Importer(815301076,1909f56bfc062723c751e8b465ee728b)  -> (artifact id: '2c23e514d24f6b65fe96946cd87fc526') in 0.001474 seconds 
========================================================================
Received Import Request.
  Time since last request: 0.910982 seconds.
  path: Assets/Scenes/SampleScene.unity
  artifactKey: Guid(2cda990e2423bbf4892e6590ba056729) Importer(815301076,1909f56bfc062723c751e8b465ee728b)
Start importing Assets/Scenes/SampleScene.unity using Guid(2cda990e2423bbf4892e6590ba056729) Importer(815301076,1909f56bfc062723c751e8b465ee728b)  -> (artifact id: 'bda695abd087c14fe925f85752aa01cb') in 0.006927 seconds 
========================================================================
Received Import Request.
  Time since last request: 152.115264 seconds.
  path: Assets/Warped City Assets/Artwork/ENVIRONMENT/tileset.png
  artifactKey: Guid(e08e6a2f34edd4a7db4285eeddef84a8) Importer(815301076,1909f56bfc062723c751e8b465ee728b)
Start importing Assets/Warped City Assets/Artwork/ENVIRONMENT/tileset.png using Guid(e08e6a2f34edd4a7db4285eeddef84a8) Importer(815301076,1909f56bfc062723c751e8b465ee728b)  -> (artifact id: 'eed6262234481a68901152506ba78f76') in 0.009468 seconds 
========================================================================
Received Import Request.
  Time since last request: 9.539959 seconds.
  path: Assets/Warped City Assets/Artwork/ENVIRONMENT/tileset.png
  artifactKey: Guid(e08e6a2f34edd4a7db4285eeddef84a8) Importer(815301076,1909f56bfc062723c751e8b465ee728b)
Start importing Assets/Warped City Assets/Artwork/ENVIRONMENT/tileset.png using Guid(e08e6a2f34edd4a7db4285eeddef84a8) Importer(815301076,1909f56bfc062723c751e8b465ee728b)  -> (artifact id: '547b597cd783b4c620d3f463e1c572d7') in 0.012283 seconds 
========================================================================
Received Prepare
Registering precompiled user dll's ...
Registered in 0.004084 seconds.
Begin MonoManager ReloadAssembly
Symbol file LoadedFromMemory doesn't match image C:\Users\Kumail\Documents\GitHub\Samurai-Bean\Library\PackageCache\com.unity.visualscripting@1.7.6\Editor\VisualScripting.Core\Dependencies\YamlDotNet\Unity.VisualScripting.YamlDotNet.dll
Symbol file LoadedFromMemory doesn't match image C:\Users\Kumail\Documents\GitHub\Samurai-Bean\Library\PackageCache\com.unity.visualscripting@1.7.6\Editor\VisualScripting.Core\Dependencies\DotNetZip\Unity.VisualScripting.IonicZip.dll
Native extension for WindowsStandalone target not found
Refreshing native plugins compatible for Editor in 0.55 ms, found 4 plugins.
Preloading 0 native plugins for Editor in 0.00 ms.
Mono: successfully reloaded assembly
- Completed reload, in  0.682 seconds
Domain Reload Profiling:
	ReloadAssembly (682ms)
		BeginReloadAssembly (92ms)
			ExecutionOrderSort (0ms)
			DisableScriptedObjects (4ms)
			BackupInstance (0ms)
			ReleaseScriptingObjects (0ms)
			CreateAndSetChildDomain (34ms)
		EndReloadAssembly (531ms)
			LoadAssemblies (46ms)
			RebuildTransferFunctionScriptingTraits (0ms)
			SetupTypeCache (139ms)
			ReleaseScriptCaches (1ms)
			RebuildScriptCaches (28ms)
			SetupLoadedEditorAssemblies (280ms)
				LogAssemblyErrors (0ms)
				InitializePlatformSupportModulesInManaged (9ms)
				SetLoadedEditorAssemblies (0ms)
				RefreshPlugins (1ms)
				BeforeProcessingInitializeOnLoad (43ms)
				ProcessInitializeOnLoadAttributes (204ms)
				ProcessInitializeOnLoadMethodAttributes (20ms)
				AfterProcessingInitializeOnLoad (3ms)
				EditorAssembliesLoaded (0ms)
			ExecutionOrderSort2 (0ms)
			AwakeInstancesAfterBackupRestoration (10ms)
Platform modules already initialized, skipping
Refreshing native plugins compatible for Editor in 0.42 ms, found 4 plugins.
Preloading 0 native plugins for Editor in 0.00 ms.
Unloading 3896 Unused Serialized files (Serialized files now loaded: 0)
Unloading 32 unused Assets / (192.2 KB). Loaded Objects now: 4543.
Memory consumption went from 155.8 MB to 155.6 MB.
Total: 2.395600 ms (FindLiveObjects: 0.194800 ms CreateObjectMapping: 0.086700 ms MarkObjects: 2.023000 ms  DeleteObjects: 0.090500 ms)

AssetImportParameters requested are different than current active one (requested -> active):
  custom:video-decoder-ogg-theora: a1e56fd34408186e4bbccfd4996cb3dc -> 
  custom:container-muxer-webm: aa71ff27fc2769a1b78a27578f13a17b -> 
  custom:container-demuxer-webm: 4f35f7cbe854078d1ac9338744f61a02 -> 
  custom:video-encoder-webm-vp8: eb34c28f22e8b96e1ab97ce403110664 -> 
  custom:audio-encoder-webm-vorbis: bf7c407c2cedff20999df2af8eb42d56 -> 
  custom:framework-win-MediaFoundation: 216162199b28c13a410421893ffa2e32 -> 
  custom:container-demuxer-ogg: 62fdf1f143b41e24485cea50d1cbac27 -> 
  custom:video-decoder-webm-vp8: 9c59270c3fd7afecdb556c50c9e8de78 -> 
  custom:audio-decoder-ogg-vorbis: bf7c407c2cedff20999df2af8eb42d56 -> 
========================================================================
Received Import Request.
  Time since last request: 611.038523 seconds.
  path: Assets/2d platformer winter (package 1)/background.png
  artifactKey: Guid(c267d2a67c862c74d868d358b4881252) Importer(815301076,1909f56bfc062723c751e8b465ee728b)
Start importing Assets/2d platformer winter (package 1)/background.png using Guid(c267d2a67c862c74d868d358b4881252) Importer(815301076,1909f56bfc062723c751e8b465ee728b)  -> (artifact id: 'accccef17593629384d9464d833494f9') in 0.132435 seconds 
========================================================================
Received Import Request.
  Time since last request: 0.000020 seconds.
  path: Assets/2d platformer winter (package 1)/mounted platform 2.png
  artifactKey: Guid(14d3522a2c962d3418afb4712d02f3bb) Importer(815301076,1909f56bfc062723c751e8b465ee728b)
Start importing Assets/2d platformer winter (package 1)/mounted platform 2.png using Guid(14d3522a2c962d3418afb4712d02f3bb) Importer(815301076,1909f56bfc062723c751e8b465ee728b)  -> (artifact id: '3c04544deb4b909fb5143f4b05d4b740') in 0.013485 seconds 
========================================================================
Received Import Request.
  Time since last request: 0.000018 seconds.
  path: Assets/2d platformer winter (package 1)/mounted platform 3.png
  artifactKey: Guid(fe01dd445865ff24eb2831300a094638) Importer(815301076,1909f56bfc062723c751e8b465ee728b)
Start importing Assets/2d platformer winter (package 1)/mounted platform 3.png using Guid(fe01dd445865ff24eb2831300a094638) Importer(815301076,1909f56bfc062723c751e8b465ee728b)  -> (artifact id: 'c4b0cbc8325cc9995f1cab0ad23a9895') in 0.014758 seconds 
========================================================================
Received Import Request.
  Time since last request: 0.000019 seconds.
  path: Assets/2d platformer winter (package 1)/mounted platform 1.png
  artifactKey: Guid(8253f8fe10e9abf419e6b48a98980235) Importer(815301076,1909f56bfc062723c751e8b465ee728b)
Start importing Assets/2d platformer winter (package 1)/mounted platform 1.png using Guid(8253f8fe10e9abf419e6b48a98980235) Importer(815301076,1909f56bfc062723c751e8b465ee728b)  -> (artifact id: '3a5f0d986f6930f300af6d8008582466') in 0.012646 seconds 
========================================================================
Received Import Request.
  Time since last request: 0.000017 seconds.
  path: Assets/2d platformer winter (package 1)/snowman 2.png
  artifactKey: Guid(2b27d20e9fb8d884daa27ade76fc6e93) Importer(815301076,1909f56bfc062723c751e8b465ee728b)
Start importing Assets/2d platformer winter (package 1)/snowman 2.png using Guid(2b27d20e9fb8d884daa27ade76fc6e93) Importer(815301076,1909f56bfc062723c751e8b465ee728b)  -> (artifact id: '60029b156802bf5259e4ca49b779fbf6') in 0.015655 seconds 
========================================================================
Received Import Request.
  Time since last request: 15.179324 seconds.
  path: Assets/Free 2D Cartoon Parallax Background/4_Snow/Layer_0.png
  artifactKey: Guid(a2d04d67b859524439e945022e0597ea) Importer(815301076,1909f56bfc062723c751e8b465ee728b)
Start importing Assets/Free 2D Cartoon Parallax Background/4_Snow/Layer_0.png using Guid(a2d04d67b859524439e945022e0597ea) Importer(815301076,1909f56bfc062723c751e8b465ee728b)  -> (artifact id: 'de0f3c5f42eedac17bb2cc9a5eafe59f') in 0.067149 seconds 
Editor requested this worker to shutdown with reason: Scaling down because of idle timeout
AssetImportWorker is now disconnected from the server
Process exiting
Exiting without the bug reporter. Application will terminate with return code 0