Using pre-set license
Built from '2021.2/staging' branch; Version is '2021.2.7f1 (6bd9e232123f) revision 7068130'; Using compiler version '192829333'; Build Type 'Release'
OS: 'Windows 11  (10.0.22621) 64bit Professional' Language: 'en' Physical Memory: 32509 MB
BatchMode: 1, IsHumanControllingUs: 0, StartBugReporterOnCrash: 0, Is64bit: 1, IsPro: 0

COMMAND LINE ARGUMENTS:
C:\Program Files\Unity 2021.2.7f1\Editor\Unity.exe
-adb2
-batchMode
-noUpm
-name
AssetImportWorker22
-projectPath
C:/Users/Kumail/Documents/GitHub/Samurai-Bean
-logFile
Logs/AssetImportWorker22.log
-srvPort
57437
Successfully changed project path to: C:/Users/Kumail/Documents/GitHub/Samurai-Bean
C:/Users/Kumail/Documents/GitHub/Samurai-Bean
[UnityMemory] Configuration Parameters - Can be set up in boot.config
    "memorysetup-bucket-allocator-granularity=16"
    "memorysetup-bucket-allocator-bucket-count=8"
    "memorysetup-bucket-allocator-block-size=33554432"
    "memorysetup-bucket-allocator-block-count=8"
    "memorysetup-main-allocator-block-size=16777216"
    "memorysetup-thread-allocator-block-size=16777216"
    "memorysetup-gfx-main-allocator-block-size=16777216"
    "memorysetup-gfx-thread-allocator-block-size=16777216"
    "memorysetup-cache-allocator-block-size=4194304"
    "memorysetup-typetree-allocator-block-size=2097152"
    "memorysetup-profiler-bucket-allocator-granularity=16"
    "memorysetup-profiler-bucket-allocator-bucket-count=8"
    "memorysetup-profiler-bucket-allocator-block-size=33554432"
    "memorysetup-profiler-bucket-allocator-block-count=8"
    "memorysetup-profiler-allocator-block-size=16777216"
    "memorysetup-profiler-editor-allocator-block-size=1048576"
    "memorysetup-temp-allocator-size-main=16777216"
    "memorysetup-job-temp-allocator-block-size=2097152"
    "memorysetup-job-temp-allocator-block-size-background=1048576"
    "memorysetup-job-temp-allocator-reduction-small-platforms=262144"
    "memorysetup-temp-allocator-size-background-worker=32768"
    "memorysetup-temp-allocator-size-job-worker=262144"
    "memorysetup-temp-allocator-size-preload-manager=33554432"
    "memorysetup-temp-allocator-size-nav-mesh-worker=65536"
    "memorysetup-temp-allocator-size-audio-worker=65536"
    "memorysetup-temp-allocator-size-cloud-worker=32768"
    "memorysetup-temp-allocator-size-gi-baking-worker=262144"
    "memorysetup-temp-allocator-size-gfx=262144"
Refreshing native plugins compatible for Editor in 65.02 ms, found 4 plugins.
Preloading 0 native plugins for Editor in 0.00 ms.
Initialize engine version: 2021.2.7f1 (6bd9e232123f)
[Subsystems] Discovering subsystems at path C:/Program Files/Unity 2021.2.7f1/Editor/Data/Resources/UnitySubsystems
[Subsystems] Discovering subsystems at path C:/Users/Kumail/Documents/GitHub/Samurai-Bean/Assets
GfxDevice: creating device client; threaded=0; jobified=0
Direct3D:
    Version:  Direct3D 11.0 [level 11.1]
    Renderer: NVIDIA GeForce GTX 1070 (ID=0x1b81)
    Vendor:   NVIDIA
    VRAM:     8088 MB
    Driver:   31.0.15.1694
Initialize mono
Mono path[0] = 'C:/Program Files/Unity 2021.2.7f1/Editor/Data/Managed'
Mono path[1] = 'C:/Program Files/Unity 2021.2.7f1/Editor/Data/MonoBleedingEdge/lib/mono/unityjit-win32'
Mono config path = 'C:/Program Files/Unity 2021.2.7f1/Editor/Data/MonoBleedingEdge/etc'
Using monoOptions --debugger-agent=transport=dt_socket,embedding=1,server=y,suspend=n,address=127.0.0.1:56808
Begin MonoManager ReloadAssembly
Registering precompiled unity dll's ...
Register platform support module: C:/Program Files/Unity 2021.2.7f1/Editor/Data/PlaybackEngines/WindowsStandaloneSupport/UnityEditor.WindowsStandalone.Extensions.dll
Registered in 0.001623 seconds.
Native extension for WindowsStandalone target not found
Refreshing native plugins compatible for Editor in 59.65 ms, found 4 plugins.
Preloading 0 native plugins for Editor in 0.00 ms.
Mono: successfully reloaded assembly
- Completed reload, in  0.441 seconds
Domain Reload Profiling:
	ReloadAssembly (442ms)
		BeginReloadAssembly (50ms)
			ExecutionOrderSort (0ms)
			DisableScriptedObjects (0ms)
			BackupInstance (0ms)
			ReleaseScriptingObjects (0ms)
			CreateAndSetChildDomain (1ms)
		EndReloadAssembly (338ms)
			LoadAssemblies (48ms)
			RebuildTransferFunctionScriptingTraits (0ms)
			SetupTypeCache (76ms)
			ReleaseScriptCaches (0ms)
			RebuildScriptCaches (18ms)
			SetupLoadedEditorAssemblies (204ms)
				LogAssemblyErrors (0ms)
				InitializePlatformSupportModulesInManaged (10ms)
				SetLoadedEditorAssemblies (0ms)
				RefreshPlugins (60ms)
				BeforeProcessingInitializeOnLoad (1ms)
				ProcessInitializeOnLoadAttributes (100ms)
				ProcessInitializeOnLoadMethodAttributes (33ms)
				AfterProcessingInitializeOnLoad (0ms)
				EditorAssembliesLoaded (0ms)
			ExecutionOrderSort2 (0ms)
			AwakeInstancesAfterBackupRestoration (0ms)
Platform modules already initialized, skipping
Registering precompiled user dll's ...
Registered in 0.004632 seconds.
Begin MonoManager ReloadAssembly
Symbol file LoadedFromMemory doesn't match image C:\Users\Kumail\Documents\GitHub\Samurai-Bean\Library\PackageCache\com.unity.visualscripting@1.7.6\Editor\VisualScripting.Core\Dependencies\YamlDotNet\Unity.VisualScripting.YamlDotNet.dll
Symbol file LoadedFromMemory doesn't match image C:\Users\Kumail\Documents\GitHub\Samurai-Bean\Library\PackageCache\com.unity.visualscripting@1.7.6\Editor\VisualScripting.Core\Dependencies\DotNetZip\Unity.VisualScripting.IonicZip.dll
Native extension for WindowsStandalone target not found
Refreshing native plugins compatible for Editor in 63.47 ms, found 4 plugins.
Preloading 0 native plugins for Editor in 0.00 ms.
Mono: successfully reloaded assembly
- Completed reload, in  1.147 seconds
Domain Reload Profiling:
	ReloadAssembly (1148ms)
		BeginReloadAssembly (81ms)
			ExecutionOrderSort (0ms)
			DisableScriptedObjects (4ms)
			BackupInstance (0ms)
			ReleaseScriptingObjects (0ms)
			CreateAndSetChildDomain (16ms)
		EndReloadAssembly (999ms)
			LoadAssemblies (60ms)
			RebuildTransferFunctionScriptingTraits (0ms)
			SetupTypeCache (165ms)
			ReleaseScriptCaches (0ms)
			RebuildScriptCaches (42ms)
			SetupLoadedEditorAssemblies (696ms)
				LogAssemblyErrors (0ms)
				InitializePlatformSupportModulesInManaged (8ms)
				SetLoadedEditorAssemblies (0ms)
				RefreshPlugins (64ms)
				BeforeProcessingInitializeOnLoad (61ms)
				ProcessInitializeOnLoadAttributes (534ms)
				ProcessInitializeOnLoadMethodAttributes (25ms)
				AfterProcessingInitializeOnLoad (4ms)
				EditorAssembliesLoaded (0ms)
			ExecutionOrderSort2 (0ms)
			AwakeInstancesAfterBackupRestoration (4ms)
Platform modules already initialized, skipping
========================================================================
Worker process is ready to serve import requests
Launched and connected shader compiler UnityShaderCompiler.exe after 0.03 seconds
Refreshing native plugins compatible for Editor in 0.48 ms, found 4 plugins.
Preloading 0 native plugins for Editor in 0.00 ms.
Unloading 3925 Unused Serialized files (Serialized files now loaded: 0)
Unloading 43 unused Assets / (226.0 KB). Loaded Objects now: 4379.
Memory consumption went from 149.7 MB to 149.5 MB.
Total: 2.392000 ms (FindLiveObjects: 0.176300 ms CreateObjectMapping: 0.076400 ms MarkObjects: 2.022500 ms  DeleteObjects: 0.115000 ms)

AssetImportParameters requested are different than current active one (requested -> active):
  custom:video-decoder-ogg-theora: a1e56fd34408186e4bbccfd4996cb3dc -> 
  custom:container-muxer-webm: aa71ff27fc2769a1b78a27578f13a17b -> 
  custom:container-demuxer-webm: 4f35f7cbe854078d1ac9338744f61a02 -> 
  custom:video-encoder-webm-vp8: eb34c28f22e8b96e1ab97ce403110664 -> 
  custom:audio-encoder-webm-vorbis: bf7c407c2cedff20999df2af8eb42d56 -> 
  custom:framework-win-MediaFoundation: 216162199b28c13a410421893ffa2e32 -> 
  custom:container-demuxer-ogg: 62fdf1f143b41e24485cea50d1cbac27 -> 
  custom:video-decoder-webm-vp8: 9c59270c3fd7afecdb556c50c9e8de78 -> 
  custom:audio-decoder-ogg-vorbis: bf7c407c2cedff20999df2af8eb42d56 -> 
========================================================================
Received Import Request.
  Time since last request: 1279514.601821 seconds.
  path: Assets/Assets/Cave/PNG files/CaveG.png
  artifactKey: Guid(71e23968ee88f084bbcfdadf7369c1dd) Importer(815301076,1909f56bfc062723c751e8b465ee728b)
Start importing Assets/Assets/Cave/PNG files/CaveG.png using Guid(71e23968ee88f084bbcfdadf7369c1dd) Importer(815301076,1909f56bfc062723c751e8b465ee728b)  -> (artifact id: '692c9f836b87f615dc7baf7ed4f77316') in 0.418356 seconds 
========================================================================
Received Import Request.
  Time since last request: 394.434819 seconds.
  path: Assets/Assets/Terrain.prefab
  artifactKey: Guid(2f71695e316134849a5ef6329fde9afe) Importer(815301076,1909f56bfc062723c751e8b465ee728b)
Start importing Assets/Assets/Terrain.prefab using Guid(2f71695e316134849a5ef6329fde9afe) Importer(815301076,1909f56bfc062723c751e8b465ee728b)  -> (artifact id: 'e36e96f347f24c7b87734fd4fc30f631') in 0.069384 seconds 
========================================================================
Received Import Request.
  Time since last request: 8.055568 seconds.
  path: Assets/Scenes/SampleScene.unity
  artifactKey: Guid(2cda990e2423bbf4892e6590ba056729) Importer(815301076,1909f56bfc062723c751e8b465ee728b)
Start importing Assets/Scenes/SampleScene.unity using Guid(2cda990e2423bbf4892e6590ba056729) Importer(815301076,1909f56bfc062723c751e8b465ee728b)  -> (artifact id: '5928d383bbd8b05c080d9acbdebee4a0') in 0.004347 seconds 
========================================================================
Received Import Request.
  Time since last request: 13.382570 seconds.
  path: Assets/Scenes/Level2.unity
  artifactKey: Guid(db9ba005a424b844baec1d5b3c3621e6) Importer(815301076,1909f56bfc062723c751e8b465ee728b)
Start importing Assets/Scenes/Level2.unity using Guid(db9ba005a424b844baec1d5b3c3621e6) Importer(815301076,1909f56bfc062723c751e8b465ee728b)  -> (artifact id: 'fbcdb8df382b46bc0d191033747aa6d1') in 0.005845 seconds 
========================================================================
Received Import Request.
  Time since last request: 76.420961 seconds.
  path: Assets/Prefabs/Character.prefab
  artifactKey: Guid(eb6c84d78ff35f74694c396de049ed4b) Importer(815301076,1909f56bfc062723c751e8b465ee728b)
Start importing Assets/Prefabs/Character.prefab using Guid(eb6c84d78ff35f74694c396de049ed4b) Importer(815301076,1909f56bfc062723c751e8b465ee728b) Tried select unknown importer for id '-2' '00000000000000000000000000000000'
 -> (artifact id: 'f8fc870d358afb78240bffbe0d71338e') in 0.079103 seconds 
========================================================================
Received Import Request.
  Time since last request: 1.647876 seconds.
  path: Assets/Prefabs/PlayerHUD.prefab
  artifactKey: Guid(4ad0677188f1396428fde4dd3edf1f4f) Importer(815301076,1909f56bfc062723c751e8b465ee728b)
Start importing Assets/Prefabs/PlayerHUD.prefab using Guid(4ad0677188f1396428fde4dd3edf1f4f) Importer(815301076,1909f56bfc062723c751e8b465ee728b)  -> (artifact id: 'f418d5843b84874894e3acae3ce1a7ae') in 0.051661 seconds 
========================================================================
Received Import Request.
  Time since last request: 12.254962 seconds.
  path: Assets/Prefabs/Jumper_0.prefab
  artifactKey: Guid(ea061b6f46b0d85458c3f06ee599f706) Importer(815301076,1909f56bfc062723c751e8b465ee728b)
Start importing Assets/Prefabs/Jumper_0.prefab using Guid(ea061b6f46b0d85458c3f06ee599f706) Importer(815301076,1909f56bfc062723c751e8b465ee728b)  -> (artifact id: 'ae33bad0f7b266af79aed5d4379395dd') in 0.011485 seconds 
========================================================================
Received Import Request.
  Time since last request: 13.609099 seconds.
  path: Assets/Scenes/SampleScene.unity
  artifactKey: Guid(2cda990e2423bbf4892e6590ba056729) Importer(815301076,1909f56bfc062723c751e8b465ee728b)
Start importing Assets/Scenes/SampleScene.unity using Guid(2cda990e2423bbf4892e6590ba056729) Importer(815301076,1909f56bfc062723c751e8b465ee728b)  -> (artifact id: '27fa1815a4fc877e5e345615d685ebd5') in 0.001848 seconds 
========================================================================
Received Import Request.
  Time since last request: 0.933306 seconds.
  path: Assets/Scenes/Level2.unity
  artifactKey: Guid(db9ba005a424b844baec1d5b3c3621e6) Importer(815301076,1909f56bfc062723c751e8b465ee728b)
Start importing Assets/Scenes/Level2.unity using Guid(db9ba005a424b844baec1d5b3c3621e6) Importer(815301076,1909f56bfc062723c751e8b465ee728b)  -> (artifact id: '920c9d3fca475c0f1b5cca73d43f9c4e') in 0.001525 seconds 
========================================================================
Received Prepare
Registering precompiled user dll's ...
Registered in 0.003234 seconds.
Begin MonoManager ReloadAssembly
Symbol file LoadedFromMemory doesn't match image C:\Users\Kumail\Documents\GitHub\Samurai-Bean\Library\PackageCache\com.unity.visualscripting@1.7.6\Editor\VisualScripting.Core\Dependencies\YamlDotNet\Unity.VisualScripting.YamlDotNet.dll
Symbol file LoadedFromMemory doesn't match image C:\Users\Kumail\Documents\GitHub\Samurai-Bean\Library\PackageCache\com.unity.visualscripting@1.7.6\Editor\VisualScripting.Core\Dependencies\DotNetZip\Unity.VisualScripting.IonicZip.dll
Native extension for WindowsStandalone target not found
Refreshing native plugins compatible for Editor in 0.50 ms, found 4 plugins.
Preloading 0 native plugins for Editor in 0.00 ms.
Mono: successfully reloaded assembly
- Completed reload, in  0.619 seconds
Domain Reload Profiling:
	ReloadAssembly (620ms)
		BeginReloadAssembly (81ms)
			ExecutionOrderSort (0ms)
			DisableScriptedObjects (3ms)
			BackupInstance (0ms)
			ReleaseScriptingObjects (0ms)
			CreateAndSetChildDomain (25ms)
		EndReloadAssembly (482ms)
			LoadAssemblies (45ms)
			RebuildTransferFunctionScriptingTraits (0ms)
			SetupTypeCache (128ms)
			ReleaseScriptCaches (1ms)
			RebuildScriptCaches (24ms)
			SetupLoadedEditorAssemblies (254ms)
				LogAssemblyErrors (0ms)
				InitializePlatformSupportModulesInManaged (8ms)
				SetLoadedEditorAssemblies (0ms)
				RefreshPlugins (1ms)
				BeforeProcessingInitializeOnLoad (40ms)
				ProcessInitializeOnLoadAttributes (184ms)
				ProcessInitializeOnLoadMethodAttributes (18ms)
				AfterProcessingInitializeOnLoad (3ms)
				EditorAssembliesLoaded (0ms)
			ExecutionOrderSort2 (0ms)
			AwakeInstancesAfterBackupRestoration (9ms)
Platform modules already initialized, skipping
Refreshing native plugins compatible for Editor in 0.46 ms, found 4 plugins.
Preloading 0 native plugins for Editor in 0.00 ms.
Unloading 3908 Unused Serialized files (Serialized files now loaded: 0)
Unloading 33 unused Assets / (200.6 KB). Loaded Objects now: 4408.
Memory consumption went from 154.5 MB to 154.3 MB.
Total: 2.222100 ms (FindLiveObjects: 0.176400 ms CreateObjectMapping: 0.088600 ms MarkObjects: 1.860100 ms  DeleteObjects: 0.096200 ms)

AssetImportParameters requested are different than current active one (requested -> active):
  custom:video-decoder-ogg-theora: a1e56fd34408186e4bbccfd4996cb3dc -> 
  custom:container-muxer-webm: aa71ff27fc2769a1b78a27578f13a17b -> 
  custom:container-demuxer-webm: 4f35f7cbe854078d1ac9338744f61a02 -> 
  custom:video-encoder-webm-vp8: eb34c28f22e8b96e1ab97ce403110664 -> 
  custom:audio-encoder-webm-vorbis: bf7c407c2cedff20999df2af8eb42d56 -> 
  custom:framework-win-MediaFoundation: 216162199b28c13a410421893ffa2e32 -> 
  custom:container-demuxer-ogg: 62fdf1f143b41e24485cea50d1cbac27 -> 
  custom:video-decoder-webm-vp8: 9c59270c3fd7afecdb556c50c9e8de78 -> 
  custom:audio-decoder-ogg-vorbis: bf7c407c2cedff20999df2af8eb42d56 -> 
========================================================================
Received Import Request.
  Time since last request: 8875.524035 seconds.
  path: Assets/Scenes/Level2.unity
  artifactKey: Guid(db9ba005a424b844baec1d5b3c3621e6) Importer(815301076,1909f56bfc062723c751e8b465ee728b)
Start importing Assets/Scenes/Level2.unity using Guid(db9ba005a424b844baec1d5b3c3621e6) Importer(815301076,1909f56bfc062723c751e8b465ee728b)  -> (artifact id: 'f5d901b643896252a73f3df749b03b4a') in 0.027035 seconds 
========================================================================
Received Import Request.
  Time since last request: 98.473605 seconds.
  path: Assets/Assets/Terrain.prefab
  artifactKey: Guid(2f71695e316134849a5ef6329fde9afe) Importer(815301076,1909f56bfc062723c751e8b465ee728b)
Start importing Assets/Assets/Terrain.prefab using Guid(2f71695e316134849a5ef6329fde9afe) Importer(815301076,1909f56bfc062723c751e8b465ee728b)  -> (artifact id: '83e60ff70f96b67e849406512166ffef') in 0.490698 seconds 
========================================================================
Received Import Request.
  Time since last request: 5.578186 seconds.
  path: Assets/Assets/Cave/Aseprite files
  artifactKey: Guid(eb1ada713cd1e6e49aef4bb4d9903b92) Importer(815301076,1909f56bfc062723c751e8b465ee728b)
Start importing Assets/Assets/Cave/Aseprite files using Guid(eb1ada713cd1e6e49aef4bb4d9903b92) Importer(815301076,1909f56bfc062723c751e8b465ee728b)  -> (artifact id: '2fbcd1e809004c4e9b4eaeeae77b441d') in 0.004706 seconds 
========================================================================
Received Import Request.
  Time since last request: 2.660105 seconds.
  path: Assets/Assets/Cave/PNG files/Tiles
  artifactKey: Guid(aba5ad698422caa41b5894056fd8e27a) Importer(815301076,1909f56bfc062723c751e8b465ee728b)
Start importing Assets/Assets/Cave/PNG files/Tiles using Guid(aba5ad698422caa41b5894056fd8e27a) Importer(815301076,1909f56bfc062723c751e8b465ee728b)  -> (artifact id: '534d4f567c9ebd9b3239e4f83ba425f1') in 0.004857 seconds 
========================================================================
Received Import Request.
  Time since last request: 0.065076 seconds.
  path: Assets/Assets/Cave/PNG files/Tiles/CaveG_0.asset
  artifactKey: Guid(95df69213b4b6754a8b7cc3318d4d782) Importer(815301076,1909f56bfc062723c751e8b465ee728b)
Start importing Assets/Assets/Cave/PNG files/Tiles/CaveG_0.asset using Guid(95df69213b4b6754a8b7cc3318d4d782) Importer(815301076,1909f56bfc062723c751e8b465ee728b)  -> (artifact id: '36d5ca00ee0770c2cb7aa60cfe116fdc') in 0.016613 seconds 
========================================================================
Received Import Request.
  Time since last request: 0.006046 seconds.
  path: Assets/Assets/Cave/PNG files/Tiles/CaveG_2.asset
  artifactKey: Guid(52a210061e968f6439450a0e797de262) Importer(815301076,1909f56bfc062723c751e8b465ee728b)
Start importing Assets/Assets/Cave/PNG files/Tiles/CaveG_2.asset using Guid(52a210061e968f6439450a0e797de262) Importer(815301076,1909f56bfc062723c751e8b465ee728b)  -> (artifact id: '7e2675664fdd8d153e40dadc3e419a7d') in 0.008822 seconds 
========================================================================
Received Import Request.
  Time since last request: 0.000157 seconds.
  path: Assets/Assets/Cave/PNG files/Tiles/CaveG_7.asset
  artifactKey: Guid(457dd0c0e4412744ca18983d0922d445) Importer(815301076,1909f56bfc062723c751e8b465ee728b)
Start importing Assets/Assets/Cave/PNG files/Tiles/CaveG_7.asset using Guid(457dd0c0e4412744ca18983d0922d445) Importer(815301076,1909f56bfc062723c751e8b465ee728b)  -> (artifact id: 'c3ac277f38aae31f9f6f4106a8c102d1') in 0.009077 seconds 
========================================================================
Received Import Request.
  Time since last request: 0.000020 seconds.
  path: Assets/Assets/Cave/PNG files/Tiles/CaveG_21.asset
  artifactKey: Guid(069b87cca7e1731419f59cddd7bfd561) Importer(815301076,1909f56bfc062723c751e8b465ee728b)
Start importing Assets/Assets/Cave/PNG files/Tiles/CaveG_21.asset using Guid(069b87cca7e1731419f59cddd7bfd561) Importer(815301076,1909f56bfc062723c751e8b465ee728b)  -> (artifact id: '053e718142861fff1373f35797e7f980') in 0.008752 seconds 
========================================================================
Received Import Request.
  Time since last request: 0.000015 seconds.
  path: Assets/Assets/Cave/PNG files/Tiles/CaveG_52.asset
  artifactKey: Guid(f3ea2776792eeba479c1d91ede008462) Importer(815301076,1909f56bfc062723c751e8b465ee728b)
Start importing Assets/Assets/Cave/PNG files/Tiles/CaveG_52.asset using Guid(f3ea2776792eeba479c1d91ede008462) Importer(815301076,1909f56bfc062723c751e8b465ee728b)  -> (artifact id: '85d1d03cb36a1fceba1b75377bcd33f7') in 0.007090 seconds 
========================================================================
Received Import Request.
  Time since last request: 0.000025 seconds.
  path: Assets/Assets/Cave/PNG files/Tiles/CaveG_42.asset
  artifactKey: Guid(77cfa9e5dedd6dc449ba9fb934fc586b) Importer(815301076,1909f56bfc062723c751e8b465ee728b)
Start importing Assets/Assets/Cave/PNG files/Tiles/CaveG_42.asset using Guid(77cfa9e5dedd6dc449ba9fb934fc586b) Importer(815301076,1909f56bfc062723c751e8b465ee728b)  -> (artifact id: 'a2d8abae2be735f654b9d104244cd9fb') in 0.008870 seconds 
========================================================================
Received Import Request.
  Time since last request: 0.000015 seconds.
  path: Assets/Assets/Cave/PNG files/Tiles/CaveG_74.asset
  artifactKey: Guid(ab841e35d88d3dc459229297701e3454) Importer(815301076,1909f56bfc062723c751e8b465ee728b)
Start importing Assets/Assets/Cave/PNG files/Tiles/CaveG_74.asset using Guid(ab841e35d88d3dc459229297701e3454) Importer(815301076,1909f56bfc062723c751e8b465ee728b)  -> (artifact id: '4a185abc754374e359e87c5fe993dacd') in 0.008788 seconds 
========================================================================
Received Import Request.
  Time since last request: 0.000024 seconds.
  path: Assets/Assets/Cave/PNG files/Tiles/CaveG_10.asset
  artifactKey: Guid(828d5174fda296e4f91ed278304418b5) Importer(815301076,1909f56bfc062723c751e8b465ee728b)
Start importing Assets/Assets/Cave/PNG files/Tiles/CaveG_10.asset using Guid(828d5174fda296e4f91ed278304418b5) Importer(815301076,1909f56bfc062723c751e8b465ee728b)  -> (artifact id: '2fdc89607a0162a3969d3534c3436bc9') in 0.008298 seconds 
========================================================================
Received Import Request.
  Time since last request: 0.000013 seconds.
  path: Assets/Assets/Cave/PNG files/Tiles/CaveG_71.asset
  artifactKey: Guid(e756ea78f795e5d4d82ac0952d0c40e0) Importer(815301076,1909f56bfc062723c751e8b465ee728b)
Start importing Assets/Assets/Cave/PNG files/Tiles/CaveG_71.asset using Guid(e756ea78f795e5d4d82ac0952d0c40e0) Importer(815301076,1909f56bfc062723c751e8b465ee728b)  -> (artifact id: 'e3b11234dc8ef4cbf3ceaed9398669e7') in 0.008605 seconds 
========================================================================
Received Import Request.
  Time since last request: 0.000013 seconds.
  path: Assets/Assets/Cave/PNG files/Tiles/CaveG_75.asset
  artifactKey: Guid(21ec83b3deeb1874ea3743d5d852c0d2) Importer(815301076,1909f56bfc062723c751e8b465ee728b)
Start importing Assets/Assets/Cave/PNG files/Tiles/CaveG_75.asset using Guid(21ec83b3deeb1874ea3743d5d852c0d2) Importer(815301076,1909f56bfc062723c751e8b465ee728b)  -> (artifact id: 'bad3649458756861f5bcb4f9df22ee27') in 0.007153 seconds 
========================================================================
Received Import Request.
  Time since last request: 0.000015 seconds.
  path: Assets/Assets/Cave/PNG files/Tiles/CaveG_50.asset
  artifactKey: Guid(e42a0e0e0f658b04b9c0dd7bf5f8b3fa) Importer(815301076,1909f56bfc062723c751e8b465ee728b)
Start importing Assets/Assets/Cave/PNG files/Tiles/CaveG_50.asset using Guid(e42a0e0e0f658b04b9c0dd7bf5f8b3fa) Importer(815301076,1909f56bfc062723c751e8b465ee728b)  -> (artifact id: '11b7daba7cb06feb963a856195d61c81') in 0.008263 seconds 
========================================================================
Received Import Request.
  Time since last request: 0.000015 seconds.
  path: Assets/Assets/Cave/PNG files/Tiles/CaveG_55.asset
  artifactKey: Guid(e4aacf27140e6fb47ae9878e868fafbc) Importer(815301076,1909f56bfc062723c751e8b465ee728b)
Start importing Assets/Assets/Cave/PNG files/Tiles/CaveG_55.asset using Guid(e4aacf27140e6fb47ae9878e868fafbc) Importer(815301076,1909f56bfc062723c751e8b465ee728b)  -> (artifact id: 'df7f3320ac10d61ba4f8756f0d7fba5c') in 0.010098 seconds 
========================================================================
Received Import Request.
  Time since last request: 0.000015 seconds.
  path: Assets/Assets/Cave/PNG files/Tiles/CaveG_47.asset
  artifactKey: Guid(f21c848fd29b2844da5887e12820feeb) Importer(815301076,1909f56bfc062723c751e8b465ee728b)
Start importing Assets/Assets/Cave/PNG files/Tiles/CaveG_47.asset using Guid(f21c848fd29b2844da5887e12820feeb) Importer(815301076,1909f56bfc062723c751e8b465ee728b)  -> (artifact id: 'b1aad31c4c27d0fa069e7765f29177f8') in 0.007383 seconds 
========================================================================
Received Import Request.
  Time since last request: 0.000020 seconds.
  path: Assets/Assets/Cave/PNG files/Tiles/CaveG_17.asset
  artifactKey: Guid(fa725a5191999254098e78121c20a43b) Importer(815301076,1909f56bfc062723c751e8b465ee728b)
Start importing Assets/Assets/Cave/PNG files/Tiles/CaveG_17.asset using Guid(fa725a5191999254098e78121c20a43b) Importer(815301076,1909f56bfc062723c751e8b465ee728b)  -> (artifact id: '0e44a418f7a551a5e208105af14a084e') in 0.007971 seconds 
========================================================================
Received Import Request.
  Time since last request: 0.000022 seconds.
  path: Assets/Assets/Cave/PNG files/Tiles/CaveG_26.asset
  artifactKey: Guid(0cc62fff0f2cb0940ab46220242f540a) Importer(815301076,1909f56bfc062723c751e8b465ee728b)
Start importing Assets/Assets/Cave/PNG files/Tiles/CaveG_26.asset using Guid(0cc62fff0f2cb0940ab46220242f540a) Importer(815301076,1909f56bfc062723c751e8b465ee728b)  -> (artifact id: '79329ca3cd4a41b76266bf8b55174c5a') in 0.008629 seconds 
========================================================================
Received Import Request.
  Time since last request: 0.000013 seconds.
  path: Assets/Assets/Cave/PNG files/Tiles/CaveG_60.asset
  artifactKey: Guid(9de29d3ea99382e42b8715c00e140fec) Importer(815301076,1909f56bfc062723c751e8b465ee728b)
Start importing Assets/Assets/Cave/PNG files/Tiles/CaveG_60.asset using Guid(9de29d3ea99382e42b8715c00e140fec) Importer(815301076,1909f56bfc062723c751e8b465ee728b)  -> (artifact id: '2a1cf9159152d82296f8181c4cb4a90d') in 0.008880 seconds 
========================================================================
Received Import Request.
  Time since last request: 0.000014 seconds.
  path: Assets/Assets/Cave/PNG files/Tiles/CaveG_44.asset
  artifactKey: Guid(e1db4c9dc5049e345a6822fadb36e965) Importer(815301076,1909f56bfc062723c751e8b465ee728b)
Start importing Assets/Assets/Cave/PNG files/Tiles/CaveG_44.asset using Guid(e1db4c9dc5049e345a6822fadb36e965) Importer(815301076,1909f56bfc062723c751e8b465ee728b)  -> (artifact id: '3bafa27aff0a717e3ebeb2e73848e504') in 0.007289 seconds 
========================================================================
Received Import Request.
  Time since last request: 0.000018 seconds.
  path: Assets/Assets/Cave/PNG files/Tiles/CaveG_46.asset
  artifactKey: Guid(c13c40420d85e1248b42a32fed22477d) Importer(815301076,1909f56bfc062723c751e8b465ee728b)
Start importing Assets/Assets/Cave/PNG files/Tiles/CaveG_46.asset using Guid(c13c40420d85e1248b42a32fed22477d) Importer(815301076,1909f56bfc062723c751e8b465ee728b)  -> (artifact id: '5254f5437fd53b9fc63da35bb6b25003') in 0.008740 seconds 
========================================================================
Received Import Request.
  Time since last request: 0.000016 seconds.
  path: Assets/Assets/Cave/PNG files/Tiles/CaveG_22.asset
  artifactKey: Guid(c9c1f3e8001dd1e4bb81167cb11c6ee2) Importer(815301076,1909f56bfc062723c751e8b465ee728b)
Start importing Assets/Assets/Cave/PNG files/Tiles/CaveG_22.asset using Guid(c9c1f3e8001dd1e4bb81167cb11c6ee2) Importer(815301076,1909f56bfc062723c751e8b465ee728b)  -> (artifact id: 'bc57dce8929fa3e23b158c1640e3ef92') in 0.007766 seconds 
========================================================================
Received Import Request.
  Time since last request: 0.000016 seconds.
  path: Assets/Assets/Cave/PNG files/Tiles/CaveG_29.asset
  artifactKey: Guid(b7e117d7d52292643ac71c49589d47c0) Importer(815301076,1909f56bfc062723c751e8b465ee728b)
Start importing Assets/Assets/Cave/PNG files/Tiles/CaveG_29.asset using Guid(b7e117d7d52292643ac71c49589d47c0) Importer(815301076,1909f56bfc062723c751e8b465ee728b)  -> (artifact id: '65ead81f15cbc1d6767969411fe14798') in 0.009444 seconds 
========================================================================
Received Import Request.
  Time since last request: 0.000014 seconds.
  path: Assets/Assets/Cave/PNG files/Tiles/CaveG_61.asset
  artifactKey: Guid(55c7596d8e1d8294e84125b43e069703) Importer(815301076,1909f56bfc062723c751e8b465ee728b)
Start importing Assets/Assets/Cave/PNG files/Tiles/CaveG_61.asset using Guid(55c7596d8e1d8294e84125b43e069703) Importer(815301076,1909f56bfc062723c751e8b465ee728b)  -> (artifact id: '829fb53d4a2233bcb1dcd92a3c28e400') in 0.007046 seconds 
========================================================================
Received Import Request.
  Time since last request: 0.000015 seconds.
  path: Assets/Assets/Cave/PNG files/Tiles/CaveG_37.asset
  artifactKey: Guid(7c690e5afc4842b4b9bdc2dfcf1e8813) Importer(815301076,1909f56bfc062723c751e8b465ee728b)
Start importing Assets/Assets/Cave/PNG files/Tiles/CaveG_37.asset using Guid(7c690e5afc4842b4b9bdc2dfcf1e8813) Importer(815301076,1909f56bfc062723c751e8b465ee728b)  -> (artifact id: 'd752f80460bde77d62a83c055c6d6407') in 0.007906 seconds 
========================================================================
Received Import Request.
  Time since last request: 0.000015 seconds.
  path: Assets/Assets/Cave/PNG files/Tiles/CaveG_9.asset
  artifactKey: Guid(e53db3a1037515f40bad7155ddc1f681) Importer(815301076,1909f56bfc062723c751e8b465ee728b)
Start importing Assets/Assets/Cave/PNG files/Tiles/CaveG_9.asset using Guid(e53db3a1037515f40bad7155ddc1f681) Importer(815301076,1909f56bfc062723c751e8b465ee728b)  -> (artifact id: 'e08209066c24ac0c0e4fc8b2230a67a0') in 0.007252 seconds 
========================================================================
Received Import Request.
  Time since last request: 0.000017 seconds.
  path: Assets/Assets/Cave/PNG files/Tiles/CaveG_38.asset
  artifactKey: Guid(6592181d7417ea24cbdb907f5db2172b) Importer(815301076,1909f56bfc062723c751e8b465ee728b)
Start importing Assets/Assets/Cave/PNG files/Tiles/CaveG_38.asset using Guid(6592181d7417ea24cbdb907f5db2172b) Importer(815301076,1909f56bfc062723c751e8b465ee728b)  -> (artifact id: 'cb11967f305fdeb282f639ea45ae6cc9') in 0.010427 seconds 
========================================================================
Received Import Request.
  Time since last request: 0.000017 seconds.
  path: Assets/Assets/Cave/PNG files/Tiles/CaveG_65.asset
  artifactKey: Guid(af43ab9efeef8dc47941dd5e78956887) Importer(815301076,1909f56bfc062723c751e8b465ee728b)
Start importing Assets/Assets/Cave/PNG files/Tiles/CaveG_65.asset using Guid(af43ab9efeef8dc47941dd5e78956887) Importer(815301076,1909f56bfc062723c751e8b465ee728b)  -> (artifact id: 'ba2099a50c58f8bf2beef7b31e1e340b') in 0.007997 seconds 
========================================================================
Received Import Request.
  Time since last request: 0.000021 seconds.
  path: Assets/Assets/Cave/PNG files/Tiles/CaveG_33.asset
  artifactKey: Guid(0b9297275def8894aa1f497211d7f888) Importer(815301076,1909f56bfc062723c751e8b465ee728b)
Start importing Assets/Assets/Cave/PNG files/Tiles/CaveG_33.asset using Guid(0b9297275def8894aa1f497211d7f888) Importer(815301076,1909f56bfc062723c751e8b465ee728b)  -> (artifact id: 'f091ca715813bf1d13cdaa1c14b21a49') in 0.008037 seconds 
========================================================================
Received Import Request.
  Time since last request: 0.000043 seconds.
  path: Assets/Assets/Cave/PNG files/Tiles/CaveG_49.asset
  artifactKey: Guid(6b7462ba87932354797f99ee8efec15a) Importer(815301076,1909f56bfc062723c751e8b465ee728b)
Start importing Assets/Assets/Cave/PNG files/Tiles/CaveG_49.asset using Guid(6b7462ba87932354797f99ee8efec15a) Importer(815301076,1909f56bfc062723c751e8b465ee728b)  -> (artifact id: 'cec8f4b31e9b555c806476723fb84470') in 0.009748 seconds 
========================================================================
Received Import Request.
  Time since last request: 0.000019 seconds.
  path: Assets/Assets/Cave/PNG files/Tiles/CaveG_36.asset
  artifactKey: Guid(de1833e870eff724395ddbf0eeaf6907) Importer(815301076,1909f56bfc062723c751e8b465ee728b)
Start importing Assets/Assets/Cave/PNG files/Tiles/CaveG_36.asset using Guid(de1833e870eff724395ddbf0eeaf6907) Importer(815301076,1909f56bfc062723c751e8b465ee728b)  -> (artifact id: '04bf2fe17c488e81a86f4682d8779023') in 0.007965 seconds 
========================================================================
Received Import Request.
  Time since last request: 0.000014 seconds.
  path: Assets/Assets/Cave/PNG files/Tiles/CaveG_4.asset
  artifactKey: Guid(1c21dc643f2b0cf429d3b41c5d7f0c47) Importer(815301076,1909f56bfc062723c751e8b465ee728b)
Start importing Assets/Assets/Cave/PNG files/Tiles/CaveG_4.asset using Guid(1c21dc643f2b0cf429d3b41c5d7f0c47) Importer(815301076,1909f56bfc062723c751e8b465ee728b)  -> (artifact id: '4d5fa8ffb586385e336a931fa5e16a1e') in 0.009932 seconds 
========================================================================
Received Import Request.
  Time since last request: 0.000014 seconds.
  path: Assets/Assets/Cave/PNG files/Tiles/CaveG_69.asset
  artifactKey: Guid(3449b6a663fbbbd4cb35efe3c99397ae) Importer(815301076,1909f56bfc062723c751e8b465ee728b)
Start importing Assets/Assets/Cave/PNG files/Tiles/CaveG_69.asset using Guid(3449b6a663fbbbd4cb35efe3c99397ae) Importer(815301076,1909f56bfc062723c751e8b465ee728b)  -> (artifact id: '9257a4b1e960ba095662fcccfc704947') in 0.008223 seconds 
========================================================================
Received Import Request.
  Time since last request: 0.000016 seconds.
  path: Assets/Assets/Cave/PNG files/Tiles/CaveG_62.asset
  artifactKey: Guid(8e50b0d7fdd8a8f42b8b5531a8ec9e4e) Importer(815301076,1909f56bfc062723c751e8b465ee728b)
Start importing Assets/Assets/Cave/PNG files/Tiles/CaveG_62.asset using Guid(8e50b0d7fdd8a8f42b8b5531a8ec9e4e) Importer(815301076,1909f56bfc062723c751e8b465ee728b)  -> (artifact id: '191bb4c3ac65ae1f438308f879cabeab') in 0.007553 seconds 
========================================================================
Received Import Request.
  Time since last request: 0.000020 seconds.
  path: Assets/Assets/Cave/PNG files/Tiles/CaveG_30.asset
  artifactKey: Guid(cd75a05bf4ea8274489974b4e41c8c8f) Importer(815301076,1909f56bfc062723c751e8b465ee728b)
Start importing Assets/Assets/Cave/PNG files/Tiles/CaveG_30.asset using Guid(cd75a05bf4ea8274489974b4e41c8c8f) Importer(815301076,1909f56bfc062723c751e8b465ee728b)  -> (artifact id: 'a747946c2c109d58119dc35bec0685f3') in 0.007713 seconds 
========================================================================
Received Import Request.
  Time since last request: 0.000012 seconds.
  path: Assets/Assets/Cave/PNG files/Tiles/CaveG_58.asset
  artifactKey: Guid(0f321f5215de77845a1d4623cc8bbc43) Importer(815301076,1909f56bfc062723c751e8b465ee728b)
Start importing Assets/Assets/Cave/PNG files/Tiles/CaveG_58.asset using Guid(0f321f5215de77845a1d4623cc8bbc43) Importer(815301076,1909f56bfc062723c751e8b465ee728b)  -> (artifact id: '5a81fe13597c1055a993396343ec754c') in 0.008174 seconds 
========================================================================
Received Import Request.
  Time since last request: 0.000015 seconds.
  path: Assets/Assets/Cave/PNG files/Tiles/CaveG_15.asset
  artifactKey: Guid(7765ed331a2d7c2419107baefdf79f4f) Importer(815301076,1909f56bfc062723c751e8b465ee728b)
Start importing Assets/Assets/Cave/PNG files/Tiles/CaveG_15.asset using Guid(7765ed331a2d7c2419107baefdf79f4f) Importer(815301076,1909f56bfc062723c751e8b465ee728b)  -> (artifact id: '2e8310bef77fc5209ad8c4c4c173295f') in 0.008774 seconds 
========================================================================
Received Import Request.
  Time since last request: 0.000015 seconds.
  path: Assets/Assets/Cave/PNG files/Tiles/CaveG_64.asset
  artifactKey: Guid(9ab4c3f2f8f505646b3cb3e270ec7b97) Importer(815301076,1909f56bfc062723c751e8b465ee728b)
Start importing Assets/Assets/Cave/PNG files/Tiles/CaveG_64.asset using Guid(9ab4c3f2f8f505646b3cb3e270ec7b97) Importer(815301076,1909f56bfc062723c751e8b465ee728b)  -> (artifact id: 'e6a53c8f91bd126297c9f1f25d8cff5c') in 0.010326 seconds 
========================================================================
Received Import Request.
  Time since last request: 0.000015 seconds.
  path: Assets/Assets/Cave/PNG files/Tiles/CaveG_14.asset
  artifactKey: Guid(2c0438c121ef47c4a8df24131dbb0c68) Importer(815301076,1909f56bfc062723c751e8b465ee728b)
Start importing Assets/Assets/Cave/PNG files/Tiles/CaveG_14.asset using Guid(2c0438c121ef47c4a8df24131dbb0c68) Importer(815301076,1909f56bfc062723c751e8b465ee728b)  -> (artifact id: '15f2c70cc7f694750549c33355475097') in 0.007761 seconds 
========================================================================
Received Import Request.
  Time since last request: 0.000015 seconds.
  path: Assets/Assets/Cave/PNG files/Tiles/CaveG_23.asset
  artifactKey: Guid(284be283b0f208b4493caf93b325e4de) Importer(815301076,1909f56bfc062723c751e8b465ee728b)
Start importing Assets/Assets/Cave/PNG files/Tiles/CaveG_23.asset using Guid(284be283b0f208b4493caf93b325e4de) Importer(815301076,1909f56bfc062723c751e8b465ee728b)  -> (artifact id: 'bb20b17bfaa7e3b4c3105875c392654d') in 0.010715 seconds 
========================================================================
Received Import Request.
  Time since last request: 0.000017 seconds.
  path: Assets/Assets/Cave/PNG files/Tiles/CaveG_19.asset
  artifactKey: Guid(66177416112e3c646bd2b8c3f2ec5a0b) Importer(815301076,1909f56bfc062723c751e8b465ee728b)
Start importing Assets/Assets/Cave/PNG files/Tiles/CaveG_19.asset using Guid(66177416112e3c646bd2b8c3f2ec5a0b) Importer(815301076,1909f56bfc062723c751e8b465ee728b)  -> (artifact id: '195ccdb2178a248e8bc7a35b294f87e1') in 0.008790 seconds 
========================================================================
Received Import Request.
  Time since last request: 0.000017 seconds.
  path: Assets/Assets/Cave/PNG files/Tiles/CaveG_51.asset
  artifactKey: Guid(80b8f2483e4f4a84fae0c60d83f38006) Importer(815301076,1909f56bfc062723c751e8b465ee728b)
Start importing Assets/Assets/Cave/PNG files/Tiles/CaveG_51.asset using Guid(80b8f2483e4f4a84fae0c60d83f38006) Importer(815301076,1909f56bfc062723c751e8b465ee728b)  -> (artifact id: '1e294beb506056dc33e9800764e98ee2') in 0.007172 seconds 
========================================================================
Received Import Request.
  Time since last request: 0.000017 seconds.
  path: Assets/Assets/Cave/PNG files/Tiles/CaveG_68.asset
  artifactKey: Guid(0d63715b50a2be744b56f300f3cccbab) Importer(815301076,1909f56bfc062723c751e8b465ee728b)
Start importing Assets/Assets/Cave/PNG files/Tiles/CaveG_68.asset using Guid(0d63715b50a2be744b56f300f3cccbab) Importer(815301076,1909f56bfc062723c751e8b465ee728b)  -> (artifact id: 'ab0ce980f64bb47b4992e5aba833237a') in 0.008019 seconds 
Editor requested this worker to shutdown with reason: Scaling down because of idle timeout
AssetImportWorkerClient::OnTransportError - code=2 error=End of file
AssetImportWorker is now disconnected from the server
Process exiting
Exiting without the bug reporter. Application will terminate with return code 0