Using pre-set license
Built from '2021.2/staging' branch; Version is '2021.2.7f1 (6bd9e232123f) revision 7068130'; Using compiler version '192829333'; Build Type 'Release'
OS: 'Windows 11  (10.0.22621) 64bit Professional' Language: 'en' Physical Memory: 32509 MB
BatchMode: 1, IsHumanControllingUs: 0, StartBugReporterOnCrash: 0, Is64bit: 1, IsPro: 0

COMMAND LINE ARGUMENTS:
C:\Program Files\Unity 2021.2.7f1\Editor\Unity.exe
-adb2
-batchMode
-noUpm
-name
AssetImportWorker0
-projectPath
C:/Users/Kumail/Documents/GitHub/Samurai-Bean
-logFile
Logs/AssetImportWorker0.log
-srvPort
64153
Successfully changed project path to: C:/Users/Kumail/Documents/GitHub/Samurai-Bean
C:/Users/Kumail/Documents/GitHub/Samurai-Bean
[UnityMemory] Configuration Parameters - Can be set up in boot.config
    "memorysetup-bucket-allocator-granularity=16"
    "memorysetup-bucket-allocator-bucket-count=8"
    "memorysetup-bucket-allocator-block-size=33554432"
    "memorysetup-bucket-allocator-block-count=8"
    "memorysetup-main-allocator-block-size=16777216"
    "memorysetup-thread-allocator-block-size=16777216"
    "memorysetup-gfx-main-allocator-block-size=16777216"
    "memorysetup-gfx-thread-allocator-block-size=16777216"
    "memorysetup-cache-allocator-block-size=4194304"
    "memorysetup-typetree-allocator-block-size=2097152"
    "memorysetup-profiler-bucket-allocator-granularity=16"
    "memorysetup-profiler-bucket-allocator-bucket-count=8"
    "memorysetup-profiler-bucket-allocator-block-size=33554432"
    "memorysetup-profiler-bucket-allocator-block-count=8"
    "memorysetup-profiler-allocator-block-size=16777216"
    "memorysetup-profiler-editor-allocator-block-size=1048576"
    "memorysetup-temp-allocator-size-main=16777216"
    "memorysetup-job-temp-allocator-block-size=2097152"
    "memorysetup-job-temp-allocator-block-size-background=1048576"
    "memorysetup-job-temp-allocator-reduction-small-platforms=262144"
    "memorysetup-temp-allocator-size-background-worker=32768"
    "memorysetup-temp-allocator-size-job-worker=262144"
    "memorysetup-temp-allocator-size-preload-manager=33554432"
    "memorysetup-temp-allocator-size-nav-mesh-worker=65536"
    "memorysetup-temp-allocator-size-audio-worker=65536"
    "memorysetup-temp-allocator-size-cloud-worker=32768"
    "memorysetup-temp-allocator-size-gi-baking-worker=262144"
    "memorysetup-temp-allocator-size-gfx=262144"
Refreshing native plugins compatible for Editor in 249.16 ms, found 4 plugins.
Preloading 0 native plugins for Editor in 0.00 ms.
Initialize engine version: 2021.2.7f1 (6bd9e232123f)
[Subsystems] Discovering subsystems at path C:/Program Files/Unity 2021.2.7f1/Editor/Data/Resources/UnitySubsystems
[Subsystems] Discovering subsystems at path C:/Users/Kumail/Documents/GitHub/Samurai-Bean/Assets
GfxDevice: creating device client; threaded=0; jobified=0
Direct3D:
    Version:  Direct3D 11.0 [level 11.1]
    Renderer: NVIDIA GeForce GTX 1070 (ID=0x1b81)
    Vendor:   NVIDIA
    VRAM:     8088 MB
    Driver:   31.0.15.1694
Initialize mono
Mono path[0] = 'C:/Program Files/Unity 2021.2.7f1/Editor/Data/Managed'
Mono path[1] = 'C:/Program Files/Unity 2021.2.7f1/Editor/Data/MonoBleedingEdge/lib/mono/unityjit-win32'
Mono config path = 'C:/Program Files/Unity 2021.2.7f1/Editor/Data/MonoBleedingEdge/etc'
Using monoOptions --debugger-agent=transport=dt_socket,embedding=1,server=y,suspend=n,address=127.0.0.1:56480
Begin MonoManager ReloadAssembly
Registering precompiled unity dll's ...
Register platform support module: C:/Program Files/Unity 2021.2.7f1/Editor/Data/PlaybackEngines/WindowsStandaloneSupport/UnityEditor.WindowsStandalone.Extensions.dll
Registered in 0.082625 seconds.
Native extension for WindowsStandalone target not found
Refreshing native plugins compatible for Editor in 50.28 ms, found 4 plugins.
Preloading 0 native plugins for Editor in 0.00 ms.
Mono: successfully reloaded assembly
- Completed reload, in  4.085 seconds
Domain Reload Profiling:
	ReloadAssembly (4086ms)
		BeginReloadAssembly (3121ms)
			ExecutionOrderSort (0ms)
			DisableScriptedObjects (0ms)
			BackupInstance (0ms)
			ReleaseScriptingObjects (0ms)
			CreateAndSetChildDomain (0ms)
		EndReloadAssembly (664ms)
			LoadAssemblies (3120ms)
			RebuildTransferFunctionScriptingTraits (0ms)
			SetupTypeCache (427ms)
			ReleaseScriptCaches (0ms)
			RebuildScriptCaches (15ms)
			SetupLoadedEditorAssemblies (187ms)
				LogAssemblyErrors (0ms)
				InitializePlatformSupportModulesInManaged (10ms)
				SetLoadedEditorAssemblies (0ms)
				RefreshPlugins (50ms)
				BeforeProcessingInitializeOnLoad (1ms)
				ProcessInitializeOnLoadAttributes (95ms)
				ProcessInitializeOnLoadMethodAttributes (31ms)
				AfterProcessingInitializeOnLoad (0ms)
				EditorAssembliesLoaded (0ms)
			ExecutionOrderSort2 (0ms)
			AwakeInstancesAfterBackupRestoration (0ms)
Platform modules already initialized, skipping
Registering precompiled user dll's ...
Registered in 0.004808 seconds.
Begin MonoManager ReloadAssembly
Symbol file LoadedFromMemory doesn't match image C:\Users\Kumail\Documents\GitHub\Samurai-Bean\Library\PackageCache\com.unity.visualscripting@1.7.6\Editor\VisualScripting.Core\Dependencies\YamlDotNet\Unity.VisualScripting.YamlDotNet.dll
Symbol file LoadedFromMemory doesn't match image C:\Users\Kumail\Documents\GitHub\Samurai-Bean\Library\PackageCache\com.unity.visualscripting@1.7.6\Editor\VisualScripting.Core\Dependencies\DotNetZip\Unity.VisualScripting.IonicZip.dll
Native extension for WindowsStandalone target not found
Refreshing native plugins compatible for Editor in 50.20 ms, found 4 plugins.
Preloading 0 native plugins for Editor in 0.00 ms.
Mono: successfully reloaded assembly
- Completed reload, in  5.765 seconds
Domain Reload Profiling:
	ReloadAssembly (5766ms)
		BeginReloadAssembly (65ms)
			ExecutionOrderSort (0ms)
			DisableScriptedObjects (4ms)
			BackupInstance (0ms)
			ReleaseScriptingObjects (0ms)
			CreateAndSetChildDomain (11ms)
		EndReloadAssembly (5580ms)
			LoadAssemblies (3248ms)
			RebuildTransferFunctionScriptingTraits (0ms)
			SetupTypeCache (640ms)
			ReleaseScriptCaches (0ms)
			RebuildScriptCaches (34ms)
			SetupLoadedEditorAssemblies (1624ms)
				LogAssemblyErrors (0ms)
				InitializePlatformSupportModulesInManaged (7ms)
				SetLoadedEditorAssemblies (0ms)
				RefreshPlugins (50ms)
				BeforeProcessingInitializeOnLoad (52ms)
				ProcessInitializeOnLoadAttributes (679ms)
				ProcessInitializeOnLoadMethodAttributes (832ms)
				AfterProcessingInitializeOnLoad (3ms)
				EditorAssembliesLoaded (0ms)
			ExecutionOrderSort2 (0ms)
			AwakeInstancesAfterBackupRestoration (4ms)
Platform modules already initialized, skipping
========================================================================
Worker process is ready to serve import requests
Launched and connected shader compiler UnityShaderCompiler.exe after 0.07 seconds
Refreshing native plugins compatible for Editor in 0.46 ms, found 4 plugins.
Preloading 0 native plugins for Editor in 0.00 ms.
Unloading 3899 Unused Serialized files (Serialized files now loaded: 0)
Unloading 43 unused Assets / (225.4 KB). Loaded Objects now: 4348.
Memory consumption went from 146.7 MB to 146.5 MB.
Total: 2.662200 ms (FindLiveObjects: 0.169000 ms CreateObjectMapping: 0.080900 ms MarkObjects: 2.318100 ms  DeleteObjects: 0.093400 ms)

AssetImportParameters requested are different than current active one (requested -> active):
  custom:video-decoder-ogg-theora: a1e56fd34408186e4bbccfd4996cb3dc -> 
  custom:container-muxer-webm: aa71ff27fc2769a1b78a27578f13a17b -> 
  custom:container-demuxer-webm: 4f35f7cbe854078d1ac9338744f61a02 -> 
  custom:video-encoder-webm-vp8: eb34c28f22e8b96e1ab97ce403110664 -> 
  custom:audio-encoder-webm-vorbis: bf7c407c2cedff20999df2af8eb42d56 -> 
  custom:framework-win-MediaFoundation: 216162199b28c13a410421893ffa2e32 -> 
  custom:container-demuxer-ogg: 62fdf1f143b41e24485cea50d1cbac27 -> 
  custom:video-decoder-webm-vp8: 9c59270c3fd7afecdb556c50c9e8de78 -> 
  custom:audio-decoder-ogg-vorbis: bf7c407c2cedff20999df2af8eb42d56 -> 
========================================================================
Received Import Request.
  Time since last request: 544822.725273 seconds.
  path: Assets
  artifactKey: Guid(00000000000000001000000000000000) Importer(815301076,1909f56bfc062723c751e8b465ee728b)
Start importing Assets using Guid(00000000000000001000000000000000) Importer(815301076,1909f56bfc062723c751e8b465ee728b)  -> (artifact id: '79842766b460edbeab6a34051e857a80') in 0.006814 seconds 
========================================================================
Received Import Request.
  Time since last request: 4.102669 seconds.
  path: Assets/Prefabs
  artifactKey: Guid(a8a5948b39af4ce41a513ac6a8e85da1) Importer(815301076,1909f56bfc062723c751e8b465ee728b)
Start importing Assets/Prefabs using Guid(a8a5948b39af4ce41a513ac6a8e85da1) Importer(815301076,1909f56bfc062723c751e8b465ee728b)  -> (artifact id: 'dcb204b1300538e12b45b5cb2f2e79f7') in 0.003977 seconds 
========================================================================
Received Import Request.
  Time since last request: 5.180466 seconds.
  path: Assets/Assets
  artifactKey: Guid(f6bc5211d1ad055409dc6fe2ba1ed3ae) Importer(815301076,1909f56bfc062723c751e8b465ee728b)
Start importing Assets/Assets using Guid(f6bc5211d1ad055409dc6fe2ba1ed3ae) Importer(815301076,1909f56bfc062723c751e8b465ee728b)  -> (artifact id: '317f136b1646cec3b4ad3d444920b6bf') in 0.001359 seconds 
========================================================================
Received Import Request.
  Time since last request: 5.292276 seconds.
  path: Assets/Materials
  artifactKey: Guid(00aab922ed0e156449b892bc55908117) Importer(815301076,1909f56bfc062723c751e8b465ee728b)
Start importing Assets/Materials using Guid(00aab922ed0e156449b892bc55908117) Importer(815301076,1909f56bfc062723c751e8b465ee728b)  -> (artifact id: '059c468abef109c62eca9b5bffba74e5') in 0.004965 seconds 
========================================================================
Received Import Request.
  Time since last request: 6.338959 seconds.
  path: Assets/Sprites
  artifactKey: Guid(48c4949592ef3d8488f191b5afd97d59) Importer(815301076,1909f56bfc062723c751e8b465ee728b)
Start importing Assets/Sprites using Guid(48c4949592ef3d8488f191b5afd97d59) Importer(815301076,1909f56bfc062723c751e8b465ee728b)  -> (artifact id: 'b439443a0df855a72ffa377fe9e4825f') in 0.005198 seconds 
========================================================================
Received Import Request.
  Time since last request: 20.804428 seconds.
  path: Assets/Audio
  artifactKey: Guid(e2bc2bad17ce31c458ccb77c0d7ec0d7) Importer(815301076,1909f56bfc062723c751e8b465ee728b)
Start importing Assets/Audio using Guid(e2bc2bad17ce31c458ccb77c0d7ec0d7) Importer(815301076,1909f56bfc062723c751e8b465ee728b)  -> (artifact id: '9d70460487f071128168aeb91150fa23') in 0.005451 seconds 
========================================================================
Received Import Request.
  Time since last request: 350.548589 seconds.
  path: Assets/3163.jpg
  artifactKey: Guid(8de4d37d8c6dbcd4b836e2d4ea98b5ef) Importer(815301076,1909f56bfc062723c751e8b465ee728b)
Start importing Assets/3163.jpg using Guid(8de4d37d8c6dbcd4b836e2d4ea98b5ef) Importer(815301076,1909f56bfc062723c751e8b465ee728b)  -> (artifact id: '97f2d6763bf54fb30d4f7b85f5106e4c') in 0.188899 seconds 
========================================================================
Received Import Request.
  Time since last request: 634.439570 seconds.
  path: Assets/Assets/3163.jpg
  artifactKey: Guid(8de4d37d8c6dbcd4b836e2d4ea98b5ef) Importer(815301076,1909f56bfc062723c751e8b465ee728b)
Start importing Assets/Assets/3163.jpg using Guid(8de4d37d8c6dbcd4b836e2d4ea98b5ef) Importer(815301076,1909f56bfc062723c751e8b465ee728b)  -> (artifact id: '257e2f51d72f20f55f2509780b13f50b') in 0.112931 seconds 
========================================================================
Received Import Request.
  Time since last request: 799.560553 seconds.
  path: Assets/Warped City Assets
  artifactKey: Guid(dd6eeff4cafc8cd4f9266f6d3a28e04e) Importer(815301076,1909f56bfc062723c751e8b465ee728b)
Start importing Assets/Warped City Assets using Guid(dd6eeff4cafc8cd4f9266f6d3a28e04e) Importer(815301076,1909f56bfc062723c751e8b465ee728b)  -> (artifact id: 'a30a8c77328c9c4763416338fae24a79') in 0.003518 seconds 
========================================================================
Received Import Request.
  Time since last request: 2.245898 seconds.
  path: Assets/Warped City Assets/Artwork
  artifactKey: Guid(34bbae92659a9409882cfb99b10a55c3) Importer(815301076,1909f56bfc062723c751e8b465ee728b)
Start importing Assets/Warped City Assets/Artwork using Guid(34bbae92659a9409882cfb99b10a55c3) Importer(815301076,1909f56bfc062723c751e8b465ee728b)  -> (artifact id: '764dc2cd089093301e3a3ae768cf4bed') in 0.003564 seconds 
========================================================================
Received Import Request.
  Time since last request: 0.887552 seconds.
  path: Assets/Warped City Assets/Artwork/SPRITES
  artifactKey: Guid(3e9636de1df6340ff9f4c28933d8fb66) Importer(815301076,1909f56bfc062723c751e8b465ee728b)
Start importing Assets/Warped City Assets/Artwork/SPRITES using Guid(3e9636de1df6340ff9f4c28933d8fb66) Importer(815301076,1909f56bfc062723c751e8b465ee728b)  -> (artifact id: '9e12282e3e3722e6949e8c2729121b9e') in 0.003710 seconds 
========================================================================
Received Import Request.
  Time since last request: 2.712146 seconds.
  path: Assets/Warped City Assets/Artwork/ENVIRONMENT
  artifactKey: Guid(0b32bb64076194cdc8c80b149b6dfb0b) Importer(815301076,1909f56bfc062723c751e8b465ee728b)
Start importing Assets/Warped City Assets/Artwork/ENVIRONMENT using Guid(0b32bb64076194cdc8c80b149b6dfb0b) Importer(815301076,1909f56bfc062723c751e8b465ee728b)  -> (artifact id: 'c10760f04c9798b671fff20ea0042f2e') in 0.004525 seconds 
========================================================================
Received Import Request.
  Time since last request: 0.047353 seconds.
  path: Assets/Warped City Assets/Artwork/ENVIRONMENT/tileset.png
  artifactKey: Guid(e08e6a2f34edd4a7db4285eeddef84a8) Importer(815301076,1909f56bfc062723c751e8b465ee728b)
Start importing Assets/Warped City Assets/Artwork/ENVIRONMENT/tileset.png using Guid(e08e6a2f34edd4a7db4285eeddef84a8) Importer(815301076,1909f56bfc062723c751e8b465ee728b)  -> (artifact id: 'b730cbfb8ac61ac9ef5e400cdf6e94da') in 0.015759 seconds 
========================================================================
Received Import Request.
  Time since last request: 43.631757 seconds.
  path: Assets/Warped City Assets/Artwork/ENVIRONMENT/props
  artifactKey: Guid(b54c8a11f7dfc49c4b4a393c9bc860db) Importer(815301076,1909f56bfc062723c751e8b465ee728b)
Start importing Assets/Warped City Assets/Artwork/ENVIRONMENT/props using Guid(b54c8a11f7dfc49c4b4a393c9bc860db) Importer(815301076,1909f56bfc062723c751e8b465ee728b)  -> (artifact id: '56f26ed6977677617e2a87763b6e93d2') in 0.004999 seconds 
========================================================================
Received Import Request.
  Time since last request: 0.062044 seconds.
  path: Assets/Warped City Assets/Artwork/ENVIRONMENT/props/antenna.png
  artifactKey: Guid(7c2c0a20447e14bd0a4767191ddc7d72) Importer(815301076,1909f56bfc062723c751e8b465ee728b)
Start importing Assets/Warped City Assets/Artwork/ENVIRONMENT/props/antenna.png using Guid(7c2c0a20447e14bd0a4767191ddc7d72) Importer(815301076,1909f56bfc062723c751e8b465ee728b)  -> (artifact id: '6df315e5df26eb59c03ecfad21bd5fc2') in 0.012280 seconds 
========================================================================
Received Import Request.
  Time since last request: 0.000025 seconds.
  path: Assets/Warped City Assets/Artwork/ENVIRONMENT/props/banners.png
  artifactKey: Guid(3a52cc9a5ecd14d5aad2ba568f124b04) Importer(815301076,1909f56bfc062723c751e8b465ee728b)
Start importing Assets/Warped City Assets/Artwork/ENVIRONMENT/props/banners.png using Guid(3a52cc9a5ecd14d5aad2ba568f124b04) Importer(815301076,1909f56bfc062723c751e8b465ee728b)  -> (artifact id: '5dc2ca3ab1be4b40327373bce5293af3') in 0.013190 seconds 
========================================================================
Received Import Request.
  Time since last request: 0.000039 seconds.
  path: Assets/Warped City Assets/Artwork/ENVIRONMENT/props/hotel-sign.png
  artifactKey: Guid(70fcf1bcc07324fbd9403a07682a2f88) Importer(815301076,1909f56bfc062723c751e8b465ee728b)
Start importing Assets/Warped City Assets/Artwork/ENVIRONMENT/props/hotel-sign.png using Guid(70fcf1bcc07324fbd9403a07682a2f88) Importer(815301076,1909f56bfc062723c751e8b465ee728b)  -> (artifact id: '93c75cbd3f426aaedb349dd934cb1cb7') in 0.010977 seconds 
========================================================================
Received Import Request.
  Time since last request: 0.000029 seconds.
  path: Assets/Warped City Assets/Artwork/ENVIRONMENT/props/control-box-2.png
  artifactKey: Guid(d886ba9ea1c0747f48bd6188b513f837) Importer(815301076,1909f56bfc062723c751e8b465ee728b)
Start importing Assets/Warped City Assets/Artwork/ENVIRONMENT/props/control-box-2.png using Guid(d886ba9ea1c0747f48bd6188b513f837) Importer(815301076,1909f56bfc062723c751e8b465ee728b)  -> (artifact id: '75205efb148909424bd04315523d785f') in 0.009326 seconds 
========================================================================
Received Import Request.
  Time since last request: 0.000022 seconds.
  path: Assets/Warped City Assets/Artwork/ENVIRONMENT/props/control-box-1.png
  artifactKey: Guid(166ee1a541de14030b238510ce729b13) Importer(815301076,1909f56bfc062723c751e8b465ee728b)
Start importing Assets/Warped City Assets/Artwork/ENVIRONMENT/props/control-box-1.png using Guid(166ee1a541de14030b238510ce729b13) Importer(815301076,1909f56bfc062723c751e8b465ee728b)  -> (artifact id: '2696203a08c25a588e78d4cf361fc15c') in 0.009791 seconds 
========================================================================
Received Import Request.
  Time since last request: 0.000024 seconds.
  path: Assets/Warped City Assets/Artwork/ENVIRONMENT/props/banner-small.png
  artifactKey: Guid(9edee812d1564448d9a52b0472611b90) Importer(815301076,1909f56bfc062723c751e8b465ee728b)
Start importing Assets/Warped City Assets/Artwork/ENVIRONMENT/props/banner-small.png using Guid(9edee812d1564448d9a52b0472611b90) Importer(815301076,1909f56bfc062723c751e8b465ee728b)  -> (artifact id: '76cb724861efaf0e2b8fca2a5a9ab5fe') in 0.011996 seconds 
========================================================================
Received Import Request.
  Time since last request: 0.000018 seconds.
  path: Assets/Warped City Assets/Artwork/ENVIRONMENT/props/banner-floor.png
  artifactKey: Guid(09d1aa2af774c4085b9f379c5092bf84) Importer(815301076,1909f56bfc062723c751e8b465ee728b)
Start importing Assets/Warped City Assets/Artwork/ENVIRONMENT/props/banner-floor.png using Guid(09d1aa2af774c4085b9f379c5092bf84) Importer(815301076,1909f56bfc062723c751e8b465ee728b)  -> (artifact id: '471ca95b3a0e02ed4639704e5500d343') in 0.009351 seconds 
========================================================================
Received Import Request.
  Time since last request: 1.189741 seconds.
  path: Assets/Warped City Assets/Artwork/ENVIRONMENT/props/banner-big
  artifactKey: Guid(67718ba3a2e704d8381607512b7df9da) Importer(815301076,1909f56bfc062723c751e8b465ee728b)
Start importing Assets/Warped City Assets/Artwork/ENVIRONMENT/props/banner-big using Guid(67718ba3a2e704d8381607512b7df9da) Importer(815301076,1909f56bfc062723c751e8b465ee728b)  -> (artifact id: 'd2e68f7548c0a436693a1a411dec3e9e') in 0.005940 seconds 
========================================================================
Received Import Request.
  Time since last request: 0.094127 seconds.
  path: Assets/Warped City Assets/Artwork/ENVIRONMENT/props/banner-big/banner-big-1.png
  artifactKey: Guid(4db7d20bea57942e9bc03f26f30c64a5) Importer(815301076,1909f56bfc062723c751e8b465ee728b)
Start importing Assets/Warped City Assets/Artwork/ENVIRONMENT/props/banner-big/banner-big-1.png using Guid(4db7d20bea57942e9bc03f26f30c64a5) Importer(815301076,1909f56bfc062723c751e8b465ee728b)  -> (artifact id: 'ff8c92f268f9248cc647e58aa4777b5c') in 0.016847 seconds 
========================================================================
Received Import Request.
  Time since last request: 0.000024 seconds.
  path: Assets/Warped City Assets/Artwork/ENVIRONMENT/props/banner-big/banner-big-4.png
  artifactKey: Guid(0f306fd9e5e6f446f8448898b82634b8) Importer(815301076,1909f56bfc062723c751e8b465ee728b)
Start importing Assets/Warped City Assets/Artwork/ENVIRONMENT/props/banner-big/banner-big-4.png using Guid(0f306fd9e5e6f446f8448898b82634b8) Importer(815301076,1909f56bfc062723c751e8b465ee728b)  -> (artifact id: 'a1898179f632ada418218e3a7ee9e903') in 0.011958 seconds 
========================================================================
Received Import Request.
  Time since last request: 1.622800 seconds.
  path: Assets/Warped City Assets/Artwork/ENVIRONMENT/background/skyline-a.png
  artifactKey: Guid(85e3b366cc43a412eaea4abb85da0cd3) Importer(815301076,1909f56bfc062723c751e8b465ee728b)
Start importing Assets/Warped City Assets/Artwork/ENVIRONMENT/background/skyline-a.png using Guid(85e3b366cc43a412eaea4abb85da0cd3) Importer(815301076,1909f56bfc062723c751e8b465ee728b)  -> (artifact id: '3df3a94025ca99dcdcac8268dbe8d2d8') in 0.016010 seconds 
========================================================================
Received Import Request.
  Time since last request: 31.974338 seconds.
  path: Assets/Warped City Assets/Artwork/SPRITES/player/back-jump/back-jump-3.png
  artifactKey: Guid(d185b83f6152c4721a8aa7ea4c529123) Importer(815301076,1909f56bfc062723c751e8b465ee728b)
Start importing Assets/Warped City Assets/Artwork/SPRITES/player/back-jump/back-jump-3.png using Guid(d185b83f6152c4721a8aa7ea4c529123) Importer(815301076,1909f56bfc062723c751e8b465ee728b)  -> (artifact id: '0d13eff0a1765e0e38cf4d39a11257b5') in 0.013795 seconds 
========================================================================
Received Import Request.
  Time since last request: 0.000020 seconds.
  path: Assets/Warped City Assets/Artwork/SPRITES/player/back-jump/back-jump-6.png
  artifactKey: Guid(543a751d492224d75b38c817e173720c) Importer(815301076,1909f56bfc062723c751e8b465ee728b)
Start importing Assets/Warped City Assets/Artwork/SPRITES/player/back-jump/back-jump-6.png using Guid(543a751d492224d75b38c817e173720c) Importer(815301076,1909f56bfc062723c751e8b465ee728b)  -> (artifact id: 'e22c04fa0daf5e50440ab84f2c77dfc5') in 0.010039 seconds 
========================================================================
Received Import Request.
  Time since last request: 3.321280 seconds.
  path: Assets/Warped City Assets/Artwork/SPRITES/misc/drone/drone-3.png
  artifactKey: Guid(4040d1bf6a141427f85f43f7b555de63) Importer(815301076,1909f56bfc062723c751e8b465ee728b)
Start importing Assets/Warped City Assets/Artwork/SPRITES/misc/drone/drone-3.png using Guid(4040d1bf6a141427f85f43f7b555de63) Importer(815301076,1909f56bfc062723c751e8b465ee728b)  -> (artifact id: '53d7fcb2de8ddd598fdba0fba639ccbc') in 0.012335 seconds 
========================================================================
Received Import Request.
  Time since last request: 1.944524 seconds.
  path: Assets/Warped City Assets/Artwork/SPRITES/misc/shot-hit/shot-hit-3.png
  artifactKey: Guid(0c376fba3cf5246948d64bdaeca77f0e) Importer(815301076,1909f56bfc062723c751e8b465ee728b)
Start importing Assets/Warped City Assets/Artwork/SPRITES/misc/shot-hit/shot-hit-3.png using Guid(0c376fba3cf5246948d64bdaeca77f0e) Importer(815301076,1909f56bfc062723c751e8b465ee728b)  -> (artifact id: 'cf82d2055244b7874dd3d85866ee1e51') in 0.012492 seconds 
========================================================================
Received Import Request.
  Time since last request: 3.017167 seconds.
  path: Assets/Warped City Assets/Artwork/SPRITES/misc/turret/turret-3.png
  artifactKey: Guid(466175ec6a63a4521b7b6e316d3a83d8) Importer(815301076,1909f56bfc062723c751e8b465ee728b)
Start importing Assets/Warped City Assets/Artwork/SPRITES/misc/turret/turret-3.png using Guid(466175ec6a63a4521b7b6e316d3a83d8) Importer(815301076,1909f56bfc062723c751e8b465ee728b)  -> (artifact id: '5acc0061104387350ce641d49e8f9a8a') in 0.013814 seconds 
Editor requested this worker to shutdown with reason: Scaling down because of idle timeout
AssetImportWorkerClient::OnTransportError - code=2 error=End of file
AssetImportWorker is now disconnected from the server
Process exiting
Exiting without the bug reporter. Application will terminate with return code 0