Using pre-set license
Built from '2021.2/staging' branch; Version is '2021.2.7f1 (6bd9e232123f) revision 7068130'; Using compiler version '192829333'; Build Type 'Release'
OS: 'Windows 11  (10.0.22621) 64bit Professional' Language: 'en' Physical Memory: 32509 MB
BatchMode: 1, IsHumanControllingUs: 0, StartBugReporterOnCrash: 0, Is64bit: 1, IsPro: 0

COMMAND LINE ARGUMENTS:
C:\Program Files\Unity 2021.2.7f1\Editor\Unity.exe
-adb2
-batchMode
-noUpm
-name
AssetImportWorker4
-projectPath
C:/Users/Kumail/Documents/GitHub/Samurai-Bean
-logFile
Logs/AssetImportWorker4.log
-srvPort
64153
Successfully changed project path to: C:/Users/Kumail/Documents/GitHub/Samurai-Bean
C:/Users/Kumail/Documents/GitHub/Samurai-Bean
[UnityMemory] Configuration Parameters - Can be set up in boot.config
    "memorysetup-bucket-allocator-granularity=16"
    "memorysetup-bucket-allocator-bucket-count=8"
    "memorysetup-bucket-allocator-block-size=33554432"
    "memorysetup-bucket-allocator-block-count=8"
    "memorysetup-main-allocator-block-size=16777216"
    "memorysetup-thread-allocator-block-size=16777216"
    "memorysetup-gfx-main-allocator-block-size=16777216"
    "memorysetup-gfx-thread-allocator-block-size=16777216"
    "memorysetup-cache-allocator-block-size=4194304"
    "memorysetup-typetree-allocator-block-size=2097152"
    "memorysetup-profiler-bucket-allocator-granularity=16"
    "memorysetup-profiler-bucket-allocator-bucket-count=8"
    "memorysetup-profiler-bucket-allocator-block-size=33554432"
    "memorysetup-profiler-bucket-allocator-block-count=8"
    "memorysetup-profiler-allocator-block-size=16777216"
    "memorysetup-profiler-editor-allocator-block-size=1048576"
    "memorysetup-temp-allocator-size-main=16777216"
    "memorysetup-job-temp-allocator-block-size=2097152"
    "memorysetup-job-temp-allocator-block-size-background=1048576"
    "memorysetup-job-temp-allocator-reduction-small-platforms=262144"
    "memorysetup-temp-allocator-size-background-worker=32768"
    "memorysetup-temp-allocator-size-job-worker=262144"
    "memorysetup-temp-allocator-size-preload-manager=33554432"
    "memorysetup-temp-allocator-size-nav-mesh-worker=65536"
    "memorysetup-temp-allocator-size-audio-worker=65536"
    "memorysetup-temp-allocator-size-cloud-worker=32768"
    "memorysetup-temp-allocator-size-gi-baking-worker=262144"
    "memorysetup-temp-allocator-size-gfx=262144"
Refreshing native plugins compatible for Editor in 52.27 ms, found 4 plugins.
Preloading 0 native plugins for Editor in 0.00 ms.
Initialize engine version: 2021.2.7f1 (6bd9e232123f)
[Subsystems] Discovering subsystems at path C:/Program Files/Unity 2021.2.7f1/Editor/Data/Resources/UnitySubsystems
[Subsystems] Discovering subsystems at path C:/Users/Kumail/Documents/GitHub/Samurai-Bean/Assets
GfxDevice: creating device client; threaded=0; jobified=0
Direct3D:
    Version:  Direct3D 11.0 [level 11.1]
    Renderer: NVIDIA GeForce GTX 1070 (ID=0x1b81)
    Vendor:   NVIDIA
    VRAM:     8088 MB
    Driver:   31.0.15.1694
Initialize mono
Mono path[0] = 'C:/Program Files/Unity 2021.2.7f1/Editor/Data/Managed'
Mono path[1] = 'C:/Program Files/Unity 2021.2.7f1/Editor/Data/MonoBleedingEdge/lib/mono/unityjit-win32'
Mono config path = 'C:/Program Files/Unity 2021.2.7f1/Editor/Data/MonoBleedingEdge/etc'
Using monoOptions --debugger-agent=transport=dt_socket,embedding=1,server=y,suspend=n,address=127.0.0.1:56656
Begin MonoManager ReloadAssembly
Registering precompiled unity dll's ...
Register platform support module: C:/Program Files/Unity 2021.2.7f1/Editor/Data/PlaybackEngines/WindowsStandaloneSupport/UnityEditor.WindowsStandalone.Extensions.dll
Registered in 0.002142 seconds.
Native extension for WindowsStandalone target not found
Refreshing native plugins compatible for Editor in 51.07 ms, found 4 plugins.
Preloading 0 native plugins for Editor in 0.00 ms.
Mono: successfully reloaded assembly
- Completed reload, in  0.445 seconds
Domain Reload Profiling:
	ReloadAssembly (445ms)
		BeginReloadAssembly (68ms)
			ExecutionOrderSort (0ms)
			DisableScriptedObjects (0ms)
			BackupInstance (0ms)
			ReleaseScriptingObjects (0ms)
			CreateAndSetChildDomain (1ms)
		EndReloadAssembly (323ms)
			LoadAssemblies (67ms)
			RebuildTransferFunctionScriptingTraits (0ms)
			SetupTypeCache (79ms)
			ReleaseScriptCaches (0ms)
			RebuildScriptCaches (17ms)
			SetupLoadedEditorAssemblies (187ms)
				LogAssemblyErrors (0ms)
				InitializePlatformSupportModulesInManaged (10ms)
				SetLoadedEditorAssemblies (0ms)
				RefreshPlugins (51ms)
				BeforeProcessingInitializeOnLoad (1ms)
				ProcessInitializeOnLoadAttributes (95ms)
				ProcessInitializeOnLoadMethodAttributes (30ms)
				AfterProcessingInitializeOnLoad (0ms)
				EditorAssembliesLoaded (0ms)
			ExecutionOrderSort2 (0ms)
			AwakeInstancesAfterBackupRestoration (0ms)
Platform modules already initialized, skipping
Registering precompiled user dll's ...
Registered in 0.004268 seconds.
Begin MonoManager ReloadAssembly
Symbol file LoadedFromMemory doesn't match image C:\Users\Kumail\Documents\GitHub\Samurai-Bean\Library\PackageCache\com.unity.visualscripting@1.7.6\Editor\VisualScripting.Core\Dependencies\YamlDotNet\Unity.VisualScripting.YamlDotNet.dll
Symbol file LoadedFromMemory doesn't match image C:\Users\Kumail\Documents\GitHub\Samurai-Bean\Library\PackageCache\com.unity.visualscripting@1.7.6\Editor\VisualScripting.Core\Dependencies\DotNetZip\Unity.VisualScripting.IonicZip.dll
Native extension for WindowsStandalone target not found
Refreshing native plugins compatible for Editor in 52.54 ms, found 4 plugins.
Preloading 0 native plugins for Editor in 0.00 ms.
Mono: successfully reloaded assembly
- Completed reload, in  1.006 seconds
Domain Reload Profiling:
	ReloadAssembly (1006ms)
		BeginReloadAssembly (67ms)
			ExecutionOrderSort (0ms)
			DisableScriptedObjects (3ms)
			BackupInstance (0ms)
			ReleaseScriptingObjects (0ms)
			CreateAndSetChildDomain (12ms)
		EndReloadAssembly (881ms)
			LoadAssemblies (58ms)
			RebuildTransferFunctionScriptingTraits (0ms)
			SetupTypeCache (190ms)
			ReleaseScriptCaches (0ms)
			RebuildScriptCaches (37ms)
			SetupLoadedEditorAssemblies (560ms)
				LogAssemblyErrors (0ms)
				InitializePlatformSupportModulesInManaged (7ms)
				SetLoadedEditorAssemblies (0ms)
				RefreshPlugins (53ms)
				BeforeProcessingInitializeOnLoad (53ms)
				ProcessInitializeOnLoadAttributes (420ms)
				ProcessInitializeOnLoadMethodAttributes (24ms)
				AfterProcessingInitializeOnLoad (4ms)
				EditorAssembliesLoaded (0ms)
			ExecutionOrderSort2 (0ms)
			AwakeInstancesAfterBackupRestoration (5ms)
Platform modules already initialized, skipping
========================================================================
Worker process is ready to serve import requests
Launched and connected shader compiler UnityShaderCompiler.exe after 0.04 seconds
Refreshing native plugins compatible for Editor in 0.49 ms, found 4 plugins.
Preloading 0 native plugins for Editor in 0.00 ms.
Unloading 3899 Unused Serialized files (Serialized files now loaded: 0)
Unloading 43 unused Assets / (225.2 KB). Loaded Objects now: 4348.
Memory consumption went from 146.8 MB to 146.5 MB.
Total: 2.197100 ms (FindLiveObjects: 0.160200 ms CreateObjectMapping: 0.076300 ms MarkObjects: 1.871000 ms  DeleteObjects: 0.089000 ms)

AssetImportParameters requested are different than current active one (requested -> active):
  custom:video-decoder-ogg-theora: a1e56fd34408186e4bbccfd4996cb3dc -> 
  custom:container-muxer-webm: aa71ff27fc2769a1b78a27578f13a17b -> 
  custom:container-demuxer-webm: 4f35f7cbe854078d1ac9338744f61a02 -> 
  custom:video-encoder-webm-vp8: eb34c28f22e8b96e1ab97ce403110664 -> 
  custom:audio-encoder-webm-vorbis: bf7c407c2cedff20999df2af8eb42d56 -> 
  custom:framework-win-MediaFoundation: 216162199b28c13a410421893ffa2e32 -> 
  custom:container-demuxer-ogg: 62fdf1f143b41e24485cea50d1cbac27 -> 
  custom:video-decoder-webm-vp8: 9c59270c3fd7afecdb556c50c9e8de78 -> 
  custom:audio-decoder-ogg-vorbis: bf7c407c2cedff20999df2af8eb42d56 -> 
========================================================================
Received Import Request.
  Time since last request: 546702.001392 seconds.
  path: Assets/Warped City Assets/Artwork/ENVIRONMENT/background
  artifactKey: Guid(9bafc5530d5cc47dcb650fdd43c02374) Importer(815301076,1909f56bfc062723c751e8b465ee728b)
Start importing Assets/Warped City Assets/Artwork/ENVIRONMENT/background using Guid(9bafc5530d5cc47dcb650fdd43c02374) Importer(815301076,1909f56bfc062723c751e8b465ee728b)  -> (artifact id: '4f6c14d42bf5acd2a0e3328f81080660') in 0.006867 seconds 
========================================================================
Received Import Request.
  Time since last request: 0.062551 seconds.
  path: Assets/Warped City Assets/Artwork/ENVIRONMENT/background/buildings-bg.png
  artifactKey: Guid(37d1bdb3e1de647ae915d01a2b7def15) Importer(815301076,1909f56bfc062723c751e8b465ee728b)
Start importing Assets/Warped City Assets/Artwork/ENVIRONMENT/background/buildings-bg.png using Guid(37d1bdb3e1de647ae915d01a2b7def15) Importer(815301076,1909f56bfc062723c751e8b465ee728b)  -> (artifact id: '96012a38ebb0f5268a856cd5a0a12336') in 0.068406 seconds 
========================================================================
Received Import Request.
  Time since last request: 23.902133 seconds.
  path: Assets/Warped City Assets/Scenes
  artifactKey: Guid(1d04794afb7db4b8bbc71b67b6cdc45b) Importer(815301076,1909f56bfc062723c751e8b465ee728b)
Start importing Assets/Warped City Assets/Scenes using Guid(1d04794afb7db4b8bbc71b67b6cdc45b) Importer(815301076,1909f56bfc062723c751e8b465ee728b)  -> (artifact id: '911267a04874efd3ec1c2781b95cc973') in 0.004474 seconds 
========================================================================
Received Import Request.
  Time since last request: 6.160087 seconds.
  path: Assets/Warped City Assets/Artwork/SPRITES/vehicles
  artifactKey: Guid(5907e111f16424938b1e7d164542c90b) Importer(815301076,1909f56bfc062723c751e8b465ee728b)
Start importing Assets/Warped City Assets/Artwork/SPRITES/vehicles using Guid(5907e111f16424938b1e7d164542c90b) Importer(815301076,1909f56bfc062723c751e8b465ee728b)  -> (artifact id: '66e3060a54273453228c149957fed999') in 0.004970 seconds 
========================================================================
Received Import Request.
  Time since last request: 0.281305 seconds.
  path: Assets/Warped City Assets/Artwork/SPRITES/player
  artifactKey: Guid(ad37e3140676e4d56ba48e0870758827) Importer(815301076,1909f56bfc062723c751e8b465ee728b)
Start importing Assets/Warped City Assets/Artwork/SPRITES/player using Guid(ad37e3140676e4d56ba48e0870758827) Importer(815301076,1909f56bfc062723c751e8b465ee728b)  -> (artifact id: '14fdb147161a647698c1498b5bef2f6f') in 0.003990 seconds 
========================================================================
Received Import Request.
  Time since last request: 0.334121 seconds.
  path: Assets/Warped City Assets/Artwork/SPRITES/misc
  artifactKey: Guid(69723ae10157d43c6bac9a25f7ee7cba) Importer(815301076,1909f56bfc062723c751e8b465ee728b)
Start importing Assets/Warped City Assets/Artwork/SPRITES/misc using Guid(69723ae10157d43c6bac9a25f7ee7cba) Importer(815301076,1909f56bfc062723c751e8b465ee728b)  -> (artifact id: '47aa2f7139d6831745dd89cd5e0e2fe6') in 0.004257 seconds 
========================================================================
Received Import Request.
  Time since last request: 1.131472 seconds.
  path: Assets/Warped City Assets/Artwork/SPRITES/player/back-jump
  artifactKey: Guid(175ef0e2862054fe88290ff2289b696b) Importer(815301076,1909f56bfc062723c751e8b465ee728b)
Start importing Assets/Warped City Assets/Artwork/SPRITES/player/back-jump using Guid(175ef0e2862054fe88290ff2289b696b) Importer(815301076,1909f56bfc062723c751e8b465ee728b)  -> (artifact id: '761bfc8fb0b9f8f216f72412ddccf1b5') in 0.004930 seconds 
========================================================================
Received Import Request.
  Time since last request: 0.069796 seconds.
  path: Assets/Warped City Assets/Artwork/SPRITES/player/back-jump/back-jump-1.png
  artifactKey: Guid(6bcff3fdeea55447d8b185465a8a7d12) Importer(815301076,1909f56bfc062723c751e8b465ee728b)
Start importing Assets/Warped City Assets/Artwork/SPRITES/player/back-jump/back-jump-1.png using Guid(6bcff3fdeea55447d8b185465a8a7d12) Importer(815301076,1909f56bfc062723c751e8b465ee728b)  -> (artifact id: '425a726338edcb67cb6f0883bc1f0a26') in 0.016891 seconds 
========================================================================
Received Import Request.
  Time since last request: 0.000016 seconds.
  path: Assets/Warped City Assets/Artwork/SPRITES/player/back-jump/back-jump-7.png
  artifactKey: Guid(80ad1c68c2e1e4bd2b29fe6f4163bbc0) Importer(815301076,1909f56bfc062723c751e8b465ee728b)
Start importing Assets/Warped City Assets/Artwork/SPRITES/player/back-jump/back-jump-7.png using Guid(80ad1c68c2e1e4bd2b29fe6f4163bbc0) Importer(815301076,1909f56bfc062723c751e8b465ee728b)  -> (artifact id: 'd4b5446d82806ba047eb76d7d04a643d') in 0.011646 seconds 
========================================================================
Received Import Request.
  Time since last request: 3.229351 seconds.
  path: Assets/Warped City Assets/Artwork/SPRITES/misc/drone
  artifactKey: Guid(47d8fba91ccdb4f6f8d1c9a3fde31dc1) Importer(815301076,1909f56bfc062723c751e8b465ee728b)
Start importing Assets/Warped City Assets/Artwork/SPRITES/misc/drone using Guid(47d8fba91ccdb4f6f8d1c9a3fde31dc1) Importer(815301076,1909f56bfc062723c751e8b465ee728b)  -> (artifact id: 'c9ab1b2cf177bf284b838e4c2a73485c') in 0.003393 seconds 
========================================================================
Received Import Request.
  Time since last request: 0.079772 seconds.
  path: Assets/Warped City Assets/Artwork/SPRITES/misc/drone/drone-1.png
  artifactKey: Guid(a1fc1786c427341769dba6c83feadde4) Importer(815301076,1909f56bfc062723c751e8b465ee728b)
Start importing Assets/Warped City Assets/Artwork/SPRITES/misc/drone/drone-1.png using Guid(a1fc1786c427341769dba6c83feadde4) Importer(815301076,1909f56bfc062723c751e8b465ee728b)  -> (artifact id: '6f2e10352e05562309138f2f38fb411f') in 0.014273 seconds 
========================================================================
Received Import Request.
  Time since last request: 1.692374 seconds.
  path: Assets/Warped City Assets/Artwork/SPRITES/misc/shot-hit
  artifactKey: Guid(2577a2a49967e445b95a0b9a10655ed0) Importer(815301076,1909f56bfc062723c751e8b465ee728b)
Start importing Assets/Warped City Assets/Artwork/SPRITES/misc/shot-hit using Guid(2577a2a49967e445b95a0b9a10655ed0) Importer(815301076,1909f56bfc062723c751e8b465ee728b)  -> (artifact id: '8ff8d0f267a958501187ce39985e463c') in 0.005010 seconds 
========================================================================
Received Import Request.
  Time since last request: 0.239191 seconds.
  path: Assets/Warped City Assets/Artwork/SPRITES/misc/shot-hit/shot-hit-1.png
  artifactKey: Guid(74b1f2f65f5d54fb79d714a16652e720) Importer(815301076,1909f56bfc062723c751e8b465ee728b)
Start importing Assets/Warped City Assets/Artwork/SPRITES/misc/shot-hit/shot-hit-1.png using Guid(74b1f2f65f5d54fb79d714a16652e720) Importer(815301076,1909f56bfc062723c751e8b465ee728b)  -> (artifact id: '5ee067da2985350e639747f07d7fd524') in 0.012206 seconds 
========================================================================
Received Import Request.
  Time since last request: 2.174926 seconds.
  path: Assets/Warped City Assets/Artwork/SPRITES/misc/turret
  artifactKey: Guid(8f8a56751a50c4bbfb23d9d40a0cb0c7) Importer(815301076,1909f56bfc062723c751e8b465ee728b)
Start importing Assets/Warped City Assets/Artwork/SPRITES/misc/turret using Guid(8f8a56751a50c4bbfb23d9d40a0cb0c7) Importer(815301076,1909f56bfc062723c751e8b465ee728b)  -> (artifact id: '30bb7523c04f642099aacf37679f7249') in 0.005151 seconds 
========================================================================
Received Import Request.
  Time since last request: 0.833099 seconds.
  path: Assets/Warped City Assets/Artwork/SPRITES/misc/turret/turret-1.png
  artifactKey: Guid(7880821ae0e694ff185fd812fdbe7efd) Importer(815301076,1909f56bfc062723c751e8b465ee728b)
Start importing Assets/Warped City Assets/Artwork/SPRITES/misc/turret/turret-1.png using Guid(7880821ae0e694ff185fd812fdbe7efd) Importer(815301076,1909f56bfc062723c751e8b465ee728b)  -> (artifact id: 'a3b8eb7d3e04a0d378116562f97e178f') in 0.015935 seconds 
Editor requested this worker to shutdown with reason: Scaling down because of idle timeout
AssetImportWorker is now disconnected from the server
Process exiting
Exiting without the bug reporter. Application will terminate with return code 0